This is pdfTeX, Version 3.14159265-2.6-1.40.21 (MiKTeX 2.9.7300 64-bit) (preloaded format=pdflatex 2020.3.3)  6 FEB 2021 02:01
entering extended mode
**./main.tex
(main.tex
LaTeX2e <2020-02-02> patch level 5
L3 programming layer <2020-02-25> (MastersDoctoralThesis.cls
("C:\Users\giada\AppData\Local\Programs\MiKTeX 2.9\tex/latex/etoolbox\etoolbox.
sty"
Package: etoolbox 2019/09/21 v2.5h e-TeX tools for LaTeX (JAW)
\etb@tempcnta=\count167
)
("C:\Users\giada\AppData\Local\Programs\MiKTeX 2.9\tex/latex/l3packages/xparse\
xparse.sty"
("C:\Users\giada\AppData\Local\Programs\MiKTeX 2.9\tex/latex/l3kernel\expl3.sty
"
Package: expl3 2020-02-25 L3 programming layer (loader) 

("C:\Users\giada\AppData\Local\Programs\MiKTeX 2.9\tex/latex/l3backend\l3backen
d-pdfmode.def"
File: l3backend-pdfmode.def 2020-02-23 L3 backend support: PDF mode
\l__kernel_color_stack_int=\count168
\l__pdf_internal_box=\box45
))
Package: xparse 2020-02-25 L3 Experimental document command parser
\l__xparse_current_arg_int=\count169
\g__xparse_grabber_int=\count170
\l__xparse_m_args_int=\count171
\l__xparse_v_nesting_int=\count172
)
("C:\Users\giada\AppData\Local\Programs\MiKTeX 2.9\tex/latex/base\book.cls"
Document Class: book 2019/12/20 v1.4l Standard LaTeX document class
("C:\Users\giada\AppData\Local\Programs\MiKTeX 2.9\tex/latex/base\bk12.clo"
File: bk12.clo 2019/12/20 v1.4l Standard LaTeX file (size option)
)
\c@part=\count173
\c@chapter=\count174
\c@section=\count175
\c@subsection=\count176
\c@subsubsection=\count177
\c@paragraph=\count178
\c@subparagraph=\count179
\c@figure=\count180
\c@table=\count181
\abovecaptionskip=\skip47
\belowcaptionskip=\skip48
\bibindent=\dimen134
)
("C:\Users\giada\AppData\Local\Programs\MiKTeX 2.9\tex/generic/babel\babel.sty"
Package: babel 2020/02/28 3.41 The Babel package
("C:\Users\giada\AppData\Local\Programs\MiKTeX 2.9\tex/generic/babel\switch.def
"
File: switch.def 2020/02/28 3.41 Babel switching mechanism
)
*************************************
* Local config file bblopts.cfg used
*
("C:\Users\giada\AppData\Local\Programs\MiKTeX 2.9\tex/latex/arabi\bblopts.cfg"
File: bblopts.cfg 2005/09/08 v0.1 add Arabic and Farsi to "declared" options of
 babel
)
("C:\Users\giada\AppData\Local\Programs\MiKTeX 2.9\tex/latex/babel-english\engl
ish.ldf"
Language: english 2017/06/06 v3.3r English support from the babel system

("C:\Users\giada\AppData\Local\Programs\MiKTeX 2.9\tex/generic/babel\babel.def"
File: babel.def 2020/02/28 3.41 Babel common definitions
\babel@savecnt=\count182
\U@D=\dimen135

("C:\Users\giada\AppData\Local\Programs\MiKTeX 2.9\tex/generic/babel\txtbabel.d
ef")
\bbl@readstream=\read2
\bbl@dirlevel=\count183
)
Package babel Info: \l@canadian = using hyphenrules for english
(babel)             (\language0) on input line 102.
Package babel Info: \l@australian = using hyphenrules for ukenglish
(babel)             (\language76) on input line 105.
Package babel Info: \l@newzealand = using hyphenrules for ukenglish
(babel)             (\language76) on input line 108.
))
("C:\Users\giada\AppData\Local\Programs\MiKTeX 2.9\tex/latex/koma-script\scrbas
e.sty"
Package: scrbase 2020/01/24 v3.29 KOMA-Script package (KOMA-Script-independent 
basics and keyval usage)

("C:\Users\giada\AppData\Local\Programs\MiKTeX 2.9\tex/latex/graphics\keyval.st
y"
Package: keyval 2014/10/28 v1.15 key=value parser (DPC)
\KV@toks@=\toks15
)
("C:\Users\giada\AppData\Local\Programs\MiKTeX 2.9\tex/latex/koma-script\scrlfi
le.sty"
Package: scrlfile 2020/01/24 v3.29 KOMA-Script package (loading files)
))
("C:\Users\giada\AppData\Local\Programs\MiKTeX 2.9\tex/latex/koma-script\scrhac
k.sty"
Package: scrhack 2020/01/24 v3.29 KOMA-Script package (hacking other packages)

("C:\Users\giada\AppData\Local\Programs\MiKTeX 2.9\tex/latex/koma-script\scrkba
se.sty"
Package: scrkbase 2020/01/24 v3.29 KOMA-Script package (KOMA-Script-dependent b
asics and keyval usage)
)
("C:\Users\giada\AppData\Local\Programs\MiKTeX 2.9\tex/latex/xpatch\xpatch.sty"
Package: xpatch 2012/10/02 v0.3 Extending etoolbox patching commands
))
("C:\Users\giada\AppData\Local\Programs\MiKTeX 2.9\tex/latex/setspace\setspace.
sty"
Package: setspace 2011/12/19 v6.7a set line spacing
)
Package scrhack Info: loading setspace hack on input line 193.

("C:\Users\giada\AppData\Local\Programs\MiKTeX 2.9\tex/latex/koma-script\setspa
ce.hak"
File: setspace.hak 2020/01/24 v3.29 KOMA-Script scrhack part (hacking package s
etspace)
)
("C:\Users\giada\AppData\Local\Programs\MiKTeX 2.9\tex/latex/tools\longtable.st
y"
Package: longtable 2020/01/07 v4.13 Multi-page Table package (DPC)
\LTleft=\skip49
\LTright=\skip50
\LTpre=\skip51
\LTpost=\skip52
\LTchunksize=\count184
\LTcapwidth=\dimen136
\LT@head=\box46
\LT@firsthead=\box47
\LT@foot=\box48
\LT@lastfoot=\box49
\LT@cols=\count185
\LT@rows=\count186
\c@LT@tables=\count187
\c@LT@chunks=\count188
\LT@p@ftn=\toks16
)
("C:\Users\giada\AppData\Local\Programs\MiKTeX 2.9\tex/latex/siunitx\siunitx.st
y"
Package: siunitx 2020/02/25 v2.8b A comprehensive (SI) units package

("C:\Users\giada\AppData\Local\Programs\MiKTeX 2.9\tex/latex/amsmath\amstext.st
y"
Package: amstext 2000/06/29 v2.01 AMS text

("C:\Users\giada\AppData\Local\Programs\MiKTeX 2.9\tex/latex/amsmath\amsgen.sty
"
File: amsgen.sty 1999/11/30 v2.0 generic functions
\@emptytoks=\toks17
\ex@=\dimen137
)) ("C:\Users\giada\AppData\Local\Programs\MiKTeX 2.9\tex/latex/tools\array.sty
"
Package: array 2019/08/31 v2.4l Tabular extension package (FMi)
\col@sep=\dimen138
\ar@mcellbox=\box50
\extrarowheight=\dimen139
\NC@list=\toks18
\extratabsurround=\skip53
\backup@length=\skip54
\ar@cellbox=\box51
)
("C:\Users\giada\AppData\Local\Programs\MiKTeX 2.9\tex/latex/l3packages/l3keys2
e\l3keys2e.sty"
Package: l3keys2e 2020-02-25 LaTeX2e option processing using LaTeX3 keys
)
\l__siunitx_tmp_box=\box52
\l__siunitx_tmp_dim=\dimen140
\l__siunitx_tmp_int=\count189
\l__siunitx_number_mantissa_length_int=\count190
\l__siunitx_number_uncert_length_int=\count191
\l__siunitx_round_int=\count192
\l__siunitx_process_decimal_int=\count193
\l__siunitx_process_uncertainty_int=\count194
\l__siunitx_process_fixed_int=\count195
\l__siunitx_process_integer_min_int=\count196
\l__siunitx_process_precision_int=\count197
\l__siunitx_group_min_int=\count198
\l__siunitx_angle_marker_box=\box53
\l__siunitx_angle_unit_box=\box54
\l__siunitx_angle_marker_dim=\dimen141
\l__siunitx_angle_unit_dim=\dimen142
\l__siunitx_unit_int=\count199
\l__siunitx_unit_denominator_int=\count266
\l__siunitx_unit_numerator_int=\count267
\l__siunitx_unit_prefix_int=\count268
\l__siunitx_unit_prefix_base_int=\count269
\l__siunitx_unit_prefix_gram_int=\count270
\l__siunitx_number_product_int=\count271
\c__siunitx_one_fill_skip=\skip55
\l__siunitx_table_unit_align_skip=\skip56
\l__siunitx_table_exponent_dim=\dimen143
\l__siunitx_table_integer_dim=\dimen144
\l__siunitx_table_mantissa_dim=\dimen145
\l__siunitx_table_marker_dim=\dimen146
\l__siunitx_table_result_dim=\dimen147
\l__siunitx_table_uncert_dim=\dimen148
\l__siunitx_table_fill_pre_dim=\dimen149
\l__siunitx_table_fill_post_dim=\dimen150
\l__siunitx_table_fill_mid_dim=\dimen151
\l__siunitx_table_pre_box=\box55
\l__siunitx_table_post_box=\box56
\l__siunitx_table_mantissa_box=\box57
\l__siunitx_table_result_box=\box58
\l__siunitx_table_number_align_skip=\skip57
\l__siunitx_table_text_align_skip=\skip58

("C:\Users\giada\AppData\Local\Programs\MiKTeX 2.9\tex/latex/translator\transla
tor.sty"
Package: translator 2019-05-31 v1.12a Easy translation of strings in LaTeX
))
("C:\Users\giada\AppData\Local\Programs\MiKTeX 2.9\tex/latex/graphics\graphicx.
sty"
Package: graphicx 2019/11/30 v1.2a Enhanced LaTeX Graphics (DPC,SPQR)

("C:\Users\giada\AppData\Local\Programs\MiKTeX 2.9\tex/latex/graphics\graphics.
sty"
Package: graphics 2019/11/30 v1.4a Standard LaTeX Graphics (DPC,SPQR)

("C:\Users\giada\AppData\Local\Programs\MiKTeX 2.9\tex/latex/graphics\trig.sty"
Package: trig 2016/01/03 v1.10 sin cos tan (DPC)
)
("C:\Users\giada\AppData\Local\Programs\MiKTeX 2.9\tex/latex/graphics-cfg\graph
ics.cfg"
File: graphics.cfg 2016/06/04 v1.11 sample graphics configuration
)
Package graphics Info: Driver file: pdftex.def on input line 105.

("C:\Users\giada\AppData\Local\Programs\MiKTeX 2.9\tex/latex/graphics-def\pdfte
x.def"
File: pdftex.def 2018/01/08 v1.0l Graphics/color driver for pdftex
))
\Gin@req@height=\dimen152
\Gin@req@width=\dimen153
)
("C:\Users\giada\AppData\Local\Programs\MiKTeX 2.9\tex/latex/booktabs\booktabs.
sty"
Package: booktabs 2020/01/12 v1.61803398 Publication quality tables
\heavyrulewidth=\dimen154
\lightrulewidth=\dimen155
\cmidrulewidth=\dimen156
\belowrulesep=\dimen157
\belowbottomsep=\dimen158
\aboverulesep=\dimen159
\abovetopsep=\dimen160
\cmidrulesep=\dimen161
\cmidrulekern=\dimen162
\defaultaddspace=\dimen163
\@cmidla=\count272
\@cmidlb=\count273
\@aboverulesep=\dimen164
\@belowrulesep=\dimen165
\@thisruleclass=\count274
\@lastruleclass=\count275
\@thisrulewidth=\dimen166
)
("C:\Users\giada\AppData\Local\Programs\MiKTeX 2.9\tex/latex/caption\caption.st
y"
Package: caption 2020/01/03 v3.4h Customizing captions (AR)

("C:\Users\giada\AppData\Local\Programs\MiKTeX 2.9\tex/latex/caption\caption3.s
ty"
Package: caption3 2020/01/03 v1.8h caption3 kernel (AR)
Package caption3 Info: TeX engine: e-TeX on input line 61.
\captionmargin=\dimen167
\captionmargin@=\dimen168
\captionwidth=\dimen169
\caption@tempdima=\dimen170
\caption@indent=\dimen171
\caption@parindent=\dimen172
\caption@hangindent=\dimen173
Package caption Info: Standard document class detected.
)
\c@caption@flags=\count276
\c@continuedfloat=\count277
Package caption Info: longtable package is loaded.

("C:\Users\giada\AppData\Local\Programs\MiKTeX 2.9\tex/latex/caption\ltcaption.
sty"
Package: ltcaption 2018/08/26 v1.4a longtable captions (AR)
))
("C:\Users\giada\AppData\Local\Programs\MiKTeX 2.9\tex/latex/xcolor\xcolor.sty"
Package: xcolor 2016/05/11 v2.12 LaTeX color extensions (UK)

("C:\Users\giada\AppData\Local\Programs\MiKTeX 2.9\tex/latex/graphics-cfg\color
.cfg"
File: color.cfg 2016/01/02 v1.6 sample color configuration
)
Package xcolor Info: Driver file: pdftex.def on input line 225.
Package xcolor Info: Model `cmy' substituted by `cmy0' on input line 1348.
Package xcolor Info: Model `hsb' substituted by `rgb' on input line 1352.
Package xcolor Info: Model `RGB' extended on input line 1364.
Package xcolor Info: Model `HTML' substituted by `rgb' on input line 1366.
Package xcolor Info: Model `Hsb' substituted by `hsb' on input line 1367.
Package xcolor Info: Model `tHsb' substituted by `hsb' on input line 1368.
Package xcolor Info: Model `HSB' substituted by `hsb' on input line 1369.
Package xcolor Info: Model `Gray' substituted by `gray' on input line 1370.
Package xcolor Info: Model `wave' substituted by `hsb' on input line 1371.

("C:\Users\giada\AppData\Local\Programs\MiKTeX 2.9\tex/latex/xcolor\svgnam.def"
File: svgnam.def 2016/05/11 v2.12 Predefined colors according to SVG 1.1 (UK)
))
("C:\Users\giada\AppData\Local\Programs\MiKTeX 2.9\tex/latex/geometry\geometry.
sty"
Package: geometry 2020/01/02 v5.9 Page Geometry

("C:\Users\giada\AppData\Local\Programs\MiKTeX 2.9\tex/generic/iftex\ifvtex.sty
"
Package: ifvtex 2019/10/25 v1.7 ifvtex legacy package. Use iftex instead.
 ("C:\Users\giada\AppData\Local\Programs\MiKTeX 2.9\tex/generic/iftex\iftex.sty
"
Package: iftex 2019/11/07 v1.0c TeX engine tests
))
\Gm@cnth=\count278
\Gm@cntv=\count279
\c@Gm@tempcnt=\count280
\Gm@bindingoffset=\dimen174
\Gm@wd@mp=\dimen175
\Gm@odd@mp=\dimen176
\Gm@even@mp=\dimen177
\Gm@layoutwidth=\dimen178
\Gm@layoutheight=\dimen179
\Gm@layouthoffset=\dimen180
\Gm@layoutvoffset=\dimen181
\Gm@dimlist=\toks19

("C:\Users\giada\AppData\Local\Programs\MiKTeX 2.9\tex/latex/geometry\geometry.
cfg"))
("C:\Users\giada\AppData\Local\Programs\MiKTeX 2.9\tex/latex/koma-script\scrlay
er-scrpage.sty"
Package: scrlayer-scrpage 2020/01/24 v3.29 KOMA-Script package (end user interf
ace for scrlayer)

("C:\Users\giada\AppData\Local\Programs\MiKTeX 2.9\tex/latex/koma-script\scrlay
er.sty"
Package: scrlayer 2020/01/24 v3.29 KOMA-Script package (defining layers and pag
e styles)
\footheight=\skip59
Package scrlayer Info: patching LaTeX kernel macro \pagestyle on input line 210
6.
)
Package scrbase Info: Unknown processing state.
(scrbase)             Processing option `markcase=used'
(scrbase)             of member `.scrlayer-scrpage.sty' of family
(scrbase)             `KOMA' doesn't set
(scrbase)             a valid state. This will be interpreted
(scrbase)             as \FamilyKeyStateProcessed on input line 724.
)
Package scrlayer-scrpage Info: auto-selection of `pagestyleset=standard'.

1: chapter
1: chapter
1: section
) ("C:\Users\giada\AppData\Local\Programs\MiKTeX 2.9\tex/latex/float\float.sty"
Package: float 2001/11/08 v1.3d Float enhancements (AL)
\c@float@type=\count281
\float@exts=\toks20
\float@box=\box59
\@float@everytoks=\toks21
\@floatcapt=\box60
)
Package scrhack Info: loading float hack on input line 30.

("C:\Users\giada\AppData\Local\Programs\MiKTeX 2.9\tex/latex/koma-script\float.
hak"
File: float.hak 2020/01/24 v3.29 KOMA-Script scrhack part (hacking package floa
t)

("C:\Users\giada\AppData\Local\Programs\MiKTeX 2.9\tex/latex/koma-script\tocbas
ic.sty"
Package: tocbasic 2020/01/24 v3.29 KOMA-Script package (handling toc-files)
\scr@dte@tocline@numberwidth=\skip60
\scr@dte@tocline@numbox=\box61
)
Package scrhack Info: redefining \newfloat on input line 163.
Package scrhack Info: redefining \listof on input line 163.
Package scrhack Info: undefining \float@addtolists on input line 163.
)
("C:\Users\giada\AppData\Local\Programs\MiKTeX 2.9\tex/latex/caption\subcaption
.sty"
Package: subcaption 2020/01/22 v1.3d Sub-captions (AR)
\c@subfigure=\count282
\c@subtable=\count283
)
("C:\Users\giada\AppData\Local\Programs\MiKTeX 2.9\tex/latex/base\inputenc.sty"
Package: inputenc 2018/08/11 v1.3c Input encoding file
\inpenc@prehook=\toks22
\inpenc@posthook=\toks23
) ("C:\Users\giada\AppData\Local\Programs\MiKTeX 2.9\tex/latex/base\fontenc.sty
"
Package: fontenc 2020/02/11 v2.0o Standard LaTeX package
)
("C:\Users\giada\AppData\Local\Programs\MiKTeX 2.9\tex/latex/titlesec\titlesec.
sty"
Package: titlesec 2019/10/16 v2.13 Sectioning titles
\ttl@box=\box62
\beforetitleunit=\skip61
\aftertitleunit=\skip62
\ttl@plus=\dimen182
\ttl@minus=\dimen183
\ttl@toksa=\toks24
\titlewidth=\dimen184
\titlewidthlast=\dimen185
\titlewidthfirst=\dimen186
)
("C:\Users\giada\AppData\Local\Programs\MiKTeX 2.9\tex/latex/lm\lmodern.sty"
Package: lmodern 2009/10/30 v1.6 Latin Modern Fonts
LaTeX Font Info:    Overwriting symbol font `operators' in version `normal'
(Font)                  OT1/cmr/m/n --> OT1/lmr/m/n on input line 22.
LaTeX Font Info:    Overwriting symbol font `letters' in version `normal'
(Font)                  OML/cmm/m/it --> OML/lmm/m/it on input line 23.
LaTeX Font Info:    Overwriting symbol font `symbols' in version `normal'
(Font)                  OMS/cmsy/m/n --> OMS/lmsy/m/n on input line 24.
LaTeX Font Info:    Overwriting symbol font `largesymbols' in version `normal'
(Font)                  OMX/cmex/m/n --> OMX/lmex/m/n on input line 25.
LaTeX Font Info:    Overwriting symbol font `operators' in version `bold'
(Font)                  OT1/cmr/bx/n --> OT1/lmr/bx/n on input line 26.
LaTeX Font Info:    Overwriting symbol font `letters' in version `bold'
(Font)                  OML/cmm/b/it --> OML/lmm/b/it on input line 27.
LaTeX Font Info:    Overwriting symbol font `symbols' in version `bold'
(Font)                  OMS/cmsy/b/n --> OMS/lmsy/b/n on input line 28.
LaTeX Font Info:    Overwriting symbol font `largesymbols' in version `bold'
(Font)                  OMX/cmex/m/n --> OMX/lmex/m/n on input line 29.
LaTeX Font Info:    Overwriting math alphabet `\mathbf' in version `normal'
(Font)                  OT1/cmr/bx/n --> OT1/lmr/bx/n on input line 31.
LaTeX Font Info:    Overwriting math alphabet `\mathsf' in version `normal'
(Font)                  OT1/cmss/m/n --> OT1/lmss/m/n on input line 32.
LaTeX Font Info:    Overwriting math alphabet `\mathit' in version `normal'
(Font)                  OT1/cmr/m/it --> OT1/lmr/m/it on input line 33.
LaTeX Font Info:    Overwriting math alphabet `\mathtt' in version `normal'
(Font)                  OT1/cmtt/m/n --> OT1/lmtt/m/n on input line 34.
LaTeX Font Info:    Overwriting math alphabet `\mathbf' in version `bold'
(Font)                  OT1/cmr/bx/n --> OT1/lmr/bx/n on input line 35.
LaTeX Font Info:    Overwriting math alphabet `\mathsf' in version `bold'
(Font)                  OT1/cmss/bx/n --> OT1/lmss/bx/n on input line 36.
LaTeX Font Info:    Overwriting math alphabet `\mathit' in version `bold'
(Font)                  OT1/cmr/bx/it --> OT1/lmr/bx/it on input line 37.
LaTeX Font Info:    Overwriting math alphabet `\mathtt' in version `bold'
(Font)                  OT1/cmtt/m/n --> OT1/lmtt/m/n on input line 38.
)
("C:\Users\giada\AppData\Local\Programs\MiKTeX 2.9\tex/latex/csquotes\csquotes.
sty"
Package: csquotes 2019-12-06 v5.2j context-sensitive quotations (JAW)
\csq@reset=\count284
\csq@gtype=\count285
\csq@glevel=\count286
\csq@qlevel=\count287
\csq@maxlvl=\count288
\csq@tshold=\count289
\csq@ltx@everypar=\toks25

("C:\Users\giada\AppData\Local\Programs\MiKTeX 2.9\tex/latex/csquotes\csquotes.
def"
File: csquotes.def 2019-12-06 v5.2j csquotes generic definitions (JAW)
)
Package csquotes Info: Trying to load configuration file 'csquotes.cfg'...
Package csquotes Info: ... configuration file loaded successfully.

("C:\Users\giada\AppData\Local\Programs\MiKTeX 2.9\tex/latex/csquotes\csquotes.
cfg"
File: csquotes.cfg 
))
("C:\Users\giada\AppData\Local\Programs\MiKTeX 2.9\tex/latex/algorithms\algorit
hm.sty"
Package: algorithm 2009/08/24 v0.1 Document Style `algorithm' - floating enviro
nment

("C:\Users\giada\AppData\Local\Programs\MiKTeX 2.9\tex/latex/base\ifthen.sty"
Package: ifthen 2014/09/29 v1.1c Standard LaTeX ifthen package (DPC)
)
Package tocbasic Info: setting babel extension for `loa' on input line 95.
\@float@every@algorithm=\toks26
\c@algorithm=\count290
)
("C:\Users\giada\AppData\Local\Programs\MiKTeX 2.9\tex/latex/algorithmicx\algps
eudocode.sty"
Package: algpseudocode 

("C:\Users\giada\AppData\Local\Programs\MiKTeX 2.9\tex/latex/algorithmicx\algor
ithmicx.sty"
Package: algorithmicx 2005/04/27 v1.2 Algorithmicx

Document Style algorithmicx 1.2 - a greatly improved `algorithmic' style
\c@ALG@line=\count291
\c@ALG@rem=\count292
\c@ALG@nested=\count293
\ALG@tlm=\skip63
\ALG@thistlm=\skip64
\c@ALG@Lnr=\count294
\c@ALG@blocknr=\count295
\c@ALG@storecount=\count296
\c@ALG@tmpcounter=\count297
\ALG@tmplength=\skip65
)
Document Style - pseudocode environments for use with the `algorithmicx' style
)
("C:\Users\giada\AppData\Local\Programs\MiKTeX 2.9\tex/latex/graphics\rotating.
sty"
Package: rotating 2016/08/11 v2.16d rotated objects in LaTeX
\c@r@tfl@t=\count298
\rotFPtop=\skip66
\rotFPbot=\skip67
\rot@float@box=\box63
\rot@mess@toks=\toks27
)
("C:\Users\giada\AppData\Local\Programs\MiKTeX 2.9\tex/latex/mathtools\mathtool
s.sty"
Package: mathtools 2020/01/17 v1.23 mathematical typesetting tools

("C:\Users\giada\AppData\Local\Programs\MiKTeX 2.9\tex/latex/tools\calc.sty"
Package: calc 2017/05/25 v4.3 Infix arithmetic (KKT,FJ)
\calc@Acount=\count299
\calc@Bcount=\count300
\calc@Adimen=\dimen187
\calc@Bdimen=\dimen188
\calc@Askip=\skip68
\calc@Bskip=\skip69
LaTeX Info: Redefining \setlength on input line 80.
LaTeX Info: Redefining \addtolength on input line 81.
\calc@Ccount=\count301
\calc@Cskip=\skip70
)
("C:\Users\giada\AppData\Local\Programs\MiKTeX 2.9\tex/latex/mathtools\mhsetup.
sty"
Package: mhsetup 2017/03/31 v1.3 programming setup (MH)
)
("C:\Users\giada\AppData\Local\Programs\MiKTeX 2.9\tex/latex/amsmath\amsmath.st
y"
Package: amsmath 2020/01/20 v2.17e AMS math features
\@mathmargin=\skip71

For additional information on amsmath, use the `?' option.
("C:\Users\giada\AppData\Local\Programs\MiKTeX 2.9\tex/latex/amsmath\amsbsy.sty
"
Package: amsbsy 1999/11/29 v1.2d Bold Symbols
\pmbraise@=\dimen189
)
("C:\Users\giada\AppData\Local\Programs\MiKTeX 2.9\tex/latex/amsmath\amsopn.sty
"
Package: amsopn 2016/03/08 v2.02 operator names
)
\inf@bad=\count302
LaTeX Info: Redefining \frac on input line 227.
\uproot@=\count303
\leftroot@=\count304
LaTeX Info: Redefining \overline on input line 389.
\classnum@=\count305
\DOTSCASE@=\count306
LaTeX Info: Redefining \ldots on input line 486.
LaTeX Info: Redefining \dots on input line 489.
LaTeX Info: Redefining \cdots on input line 610.
\Mathstrutbox@=\box64
\strutbox@=\box65
\big@size=\dimen190
LaTeX Font Info:    Redeclaring font encoding OML on input line 733.
LaTeX Font Info:    Redeclaring font encoding OMS on input line 734.
\macc@depth=\count307
\c@MaxMatrixCols=\count308
\dotsspace@=\muskip16
\c@parentequation=\count309
\dspbrk@lvl=\count310
\tag@help=\toks28
\row@=\count311
\column@=\count312
\maxfields@=\count313
\andhelp@=\toks29
\eqnshift@=\dimen191
\alignsep@=\dimen192
\tagshift@=\dimen193
\tagwidth@=\dimen194
\totwidth@=\dimen195
\lineht@=\dimen196
\@envbody=\toks30
\multlinegap=\skip72
\multlinetaggap=\skip73
\mathdisplay@stack=\toks31
LaTeX Info: Redefining \[ on input line 2859.
LaTeX Info: Redefining \] on input line 2860.
)
LaTeX Info: Thecontrolsequence`\('isalreadyrobust on input line 129.
LaTeX Info: Thecontrolsequence`\)'isalreadyrobust on input line 129.
LaTeX Info: Thecontrolsequence`\['isalreadyrobust on input line 129.
LaTeX Info: Thecontrolsequence`\]'isalreadyrobust on input line 129.
\g_MT_multlinerow_int=\count314
\l_MT_multwidth_dim=\dimen197
\origjot=\skip74
\l_MT_shortvdotswithinadjustabove_dim=\dimen198
\l_MT_shortvdotswithinadjustbelow_dim=\dimen199
\l_MT_above_intertext_sep=\dimen256
\l_MT_below_intertext_sep=\dimen257
\l_MT_above_shortintertext_sep=\dimen258
\l_MT_below_shortintertext_sep=\dimen259
)
("C:\Users\giada\AppData\Local\Programs\MiKTeX 2.9\tex/latex/tools\tabularx.sty
"
Package: tabularx 2020/01/15 v2.11c `tabularx' package (DPC)
\TX@col@width=\dimen260
\TX@old@table=\dimen261
\TX@old@col=\dimen262
\TX@target=\dimen263
\TX@delta=\dimen264
\TX@cols=\count315
\TX@ftn=\toks32
)
("C:\Users\giada\AppData\Local\Programs\MiKTeX 2.9\tex/latex/amsfonts\amssymb.s
ty"
Package: amssymb 2013/01/14 v3.01 AMS font symbols

("C:\Users\giada\AppData\Local\Programs\MiKTeX 2.9\tex/latex/amsfonts\amsfonts.
sty"
Package: amsfonts 2013/01/14 v3.01 Basic AMSFonts support
\symAMSa=\mathgroup4
\symAMSb=\mathgroup5
LaTeX Font Info:    Redeclaring math symbol \hbar on input line 98.
LaTeX Font Info:    Overwriting math alphabet `\mathfrak' in version `bold'
(Font)                  U/euf/m/n --> U/euf/b/n on input line 106.
))
("C:\Users\giada\AppData\Local\Programs\MiKTeX 2.9\tex/latex/tools\enumerate.st
y"
Package: enumerate 2015/07/23 v3.00 enumerate extensions (DPC)
\@enLab=\toks33
)
("C:\Users\giada\AppData\Local\Programs\MiKTeX 2.9\tex/latex/multirow\multirow.
sty"
Package: multirow 2019/05/31 v2.5 Span multiple rows of a table
\multirow@colwidth=\skip75
\multirow@cntb=\count316
\multirow@dima=\skip76
\bigstrutjot=\dimen265
)
("C:\Users\giada\AppData\Local\Programs\MiKTeX 2.9\tex/latex/hyperref\hyperref.
sty"
Package: hyperref 2020/01/14 v7.00d Hypertext links for LaTeX

("C:\Users\giada\AppData\Local\Programs\MiKTeX 2.9\tex/generic/ltxcmds\ltxcmds.
sty"
Package: ltxcmds 2019/12/15 v1.24 LaTeX kernel commands for general use (HO)
)
("C:\Users\giada\AppData\Local\Programs\MiKTeX 2.9\tex/latex/pdftexcmds\pdftexc
mds.sty"
Package: pdftexcmds 2019/11/24 v0.31 Utility functions of pdfTeX for LuaTeX (HO
)

("C:\Users\giada\AppData\Local\Programs\MiKTeX 2.9\tex/generic/infwarerr\infwar
err.sty"
Package: infwarerr 2019/12/03 v1.5 Providing info/warning/error messages (HO)
)
Package pdftexcmds Info: \pdf@primitive is available.
Package pdftexcmds Info: \pdf@ifprimitive is available.
Package pdftexcmds Info: \pdfdraftmode found.
)
("C:\Users\giada\AppData\Local\Programs\MiKTeX 2.9\tex/generic/kvsetkeys\kvsetk
eys.sty"
Package: kvsetkeys 2019/12/15 v1.18 Key value parser (HO)
)
("C:\Users\giada\AppData\Local\Programs\MiKTeX 2.9\tex/generic/kvdefinekeys\kvd
efinekeys.sty"
Package: kvdefinekeys 2019-12-19 v1.6 Define keys (HO)
)
("C:\Users\giada\AppData\Local\Programs\MiKTeX 2.9\tex/generic/pdfescape\pdfesc
ape.sty"
Package: pdfescape 2019/12/09 v1.15 Implements pdfTeX's escape features (HO)
)
("C:\Users\giada\AppData\Local\Programs\MiKTeX 2.9\tex/latex/hycolor\hycolor.st
y"
Package: hycolor 2020-01-27 v1.10 Color options for hyperref/bookmark (HO)
)
("C:\Users\giada\AppData\Local\Programs\MiKTeX 2.9\tex/latex/letltxmacro\letltx
macro.sty"
Package: letltxmacro 2019/12/03 v1.6 Let assignment for LaTeX macros (HO)
)
("C:\Users\giada\AppData\Local\Programs\MiKTeX 2.9\tex/latex/auxhook\auxhook.st
y"
Package: auxhook 2019-12-17 v1.6 Hooks for auxiliary files (HO)
)
("C:\Users\giada\AppData\Local\Programs\MiKTeX 2.9\tex/latex/kvoptions\kvoption
s.sty"
Package: kvoptions 2019/11/29 v3.13 Key value format for package options (HO)
)
\@linkdim=\dimen266
\Hy@linkcounter=\count317
\Hy@pagecounter=\count318

("C:\Users\giada\AppData\Local\Programs\MiKTeX 2.9\tex/latex/hyperref\pd1enc.de
f"
File: pd1enc.def 2020/01/14 v7.00d Hyperref: PDFDocEncoding definition (HO)
Now handling font encoding PD1 ...
... no UTF-8 mapping file for font encoding PD1
)
("C:\Users\giada\AppData\Local\Programs\MiKTeX 2.9\tex/generic/intcalc\intcalc.
sty"
Package: intcalc 2019/12/15 v1.3 Expandable calculations with integers (HO)
)
("C:\Users\giada\AppData\Local\Programs\MiKTeX 2.9\tex/generic/etexcmds\etexcmd
s.sty"
Package: etexcmds 2019/12/15 v1.7 Avoid name clashes with e-TeX commands (HO)
)
\Hy@SavedSpaceFactor=\count319
Package hyperref Info: Hyper figures OFF on input line 4547.
Package hyperref Info: Link nesting OFF on input line 4552.
Package hyperref Info: Hyper index ON on input line 4555.
Package hyperref Info: Plain pages OFF on input line 4562.
Package hyperref Info: Backreferencing OFF on input line 4567.
Package hyperref Info: Implicit mode ON; LaTeX internals redefined.
Package hyperref Info: Bookmarks ON on input line 4800.
\c@Hy@tempcnt=\count320
 ("C:\Users\giada\AppData\Local\Programs\MiKTeX 2.9\tex/latex/url\url.sty"
\Urlmuskip=\muskip17
Package: url 2013/09/16  ver 3.4  Verb mode for urls, etc.
)
LaTeX Info: Redefining \url on input line 5159.
\XeTeXLinkMargin=\dimen267

("C:\Users\giada\AppData\Local\Programs\MiKTeX 2.9\tex/generic/bitset\bitset.st
y"
Package: bitset 2019/12/09 v1.3 Handle bit-vector datatype (HO)

("C:\Users\giada\AppData\Local\Programs\MiKTeX 2.9\tex/generic/bigintcalc\bigin
tcalc.sty"
Package: bigintcalc 2019/12/15 v1.5 Expandable calculations on big integers (HO
)
))
\Fld@menulength=\count321
\Field@Width=\dimen268
\Fld@charsize=\dimen269
Package hyperref Info: Hyper figures OFF on input line 6430.
Package hyperref Info: Link nesting OFF on input line 6435.
Package hyperref Info: Hyper index ON on input line 6438.
Package hyperref Info: backreferencing OFF on input line 6445.
Package hyperref Info: Link coloring OFF on input line 6450.
Package hyperref Info: Link coloring with OCG OFF on input line 6455.
Package hyperref Info: PDF/A mode OFF on input line 6460.
LaTeX Info: Redefining \ref on input line 6500.
LaTeX Info: Redefining \pageref on input line 6504.

("C:\Users\giada\AppData\Local\Programs\MiKTeX 2.9\tex/generic/atbegshi\atbegsh
i.sty"
Package: atbegshi 2019/12/05 v1.19 At begin shipout hook (HO)
)
\Hy@abspage=\count322
\c@Item=\count323
\c@Hfootnote=\count324
)
Package scrhack Info: hyperref hack deactivated because of
(scrhack)             detection of hyperref version, that doesn't
(scrhack)             need that hack, on input line 77.
Package hyperref Info: Driver (autodetected): hpdftex.

("C:\Users\giada\AppData\Local\Programs\MiKTeX 2.9\tex/latex/hyperref\hpdftex.d
ef"
File: hpdftex.def 2020/01/14 v7.00d Hyperref driver for pdfTeX

("C:\Users\giada\AppData\Local\Programs\MiKTeX 2.9\tex/latex/atveryend\atveryen
d.sty"
Package: atveryend 2019-12-11 v1.11 Hooks at the very end of document (HO)
)
\Fld@listcount=\count325
\c@bookmark@seq@number=\count326

("C:\Users\giada\AppData\Local\Programs\MiKTeX 2.9\tex/latex/rerunfilecheck\rer
unfilecheck.sty"
Package: rerunfilecheck 2019/12/05 v1.9 Rerun checks for auxiliary files (HO)

("C:\Users\giada\AppData\Local\Programs\MiKTeX 2.9\tex/generic/uniquecounter\un
iquecounter.sty"
Package: uniquecounter 2019/12/15 v1.4 Provide unlimited unique counter (HO)
)
Package uniquecounter Info: New unique counter `rerunfilecheck' on input line 2
86.
)
\Hy@SectionHShift=\skip77
)
("C:\Users\giada\AppData\Local\Programs\MiKTeX 2.9\tex/latex/biblatex\biblatex.
sty"
Package: biblatex 2019/12/01 v3.14 programmable bibliographies (PK/MW)

("C:\Users\giada\AppData\Local\Programs\MiKTeX 2.9\tex/latex/logreq\logreq.sty"
Package: logreq 2010/08/04 v1.0 xml request logger
\lrq@indent=\count327
("C:\Users\giada\AppData\Local\Programs\MiKTeX 2.9\tex/latex/logreq\logreq.def"
File: logreq.def 2010/08/04 v1.0 logreq spec v1.0
))
\c@tabx@nest=\count328
\c@listtotal=\count329
\c@listcount=\count330
\c@liststart=\count331
\c@liststop=\count332
\c@citecount=\count333
\c@citetotal=\count334
\c@multicitecount=\count335
\c@multicitetotal=\count336
\c@instcount=\count337
\c@maxnames=\count338
\c@minnames=\count339
\c@maxitems=\count340
\c@minitems=\count341
\c@citecounter=\count342
\c@maxcitecounter=\count343
\c@savedcitecounter=\count344
\c@uniquelist=\count345
\c@uniquename=\count346
\c@refsection=\count347
\c@refsegment=\count348
\c@maxextratitle=\count349
\c@maxextratitleyear=\count350
\c@maxextraname=\count351
\c@maxextradate=\count352
\c@maxextraalpha=\count353
\c@abbrvpenalty=\count354
\c@highnamepenalty=\count355
\c@lownamepenalty=\count356
\c@maxparens=\count357
\c@parenlevel=\count358
\blx@tempcnta=\count359
\blx@tempcntb=\count360
\blx@tempcntc=\count361
\blx@maxsection=\count362
\blx@maxsegment@0=\count363
\blx@notetype=\count364
\blx@parenlevel@text=\count365
\blx@parenlevel@foot=\count366
\blx@sectionciteorder@0=\count367
\blx@entrysetcounter=\count368
\labelnumberwidth=\skip78
\labelalphawidth=\skip79
\biblabelsep=\skip80
\bibitemsep=\skip81
\bibnamesep=\skip82
\bibinitsep=\skip83
\bibparsep=\skip84
\bibhang=\skip85
\blx@bcfin=\read3
\blx@bcfout=\write3
\blx@langwohyphens=\language82
\c@mincomprange=\count369
\c@maxcomprange=\count370
\c@mincompwidth=\count371
Package biblatex Info: Trying to load biblatex default data model...
Package biblatex Info: ... file 'blx-dm.def' found.

("C:\Users\giada\AppData\Local\Programs\MiKTeX 2.9\tex/latex/biblatex\blx-dm.de
f"
File: blx-dm.def 2019/12/01 v3.14 biblatex localization (PK/MW)
)
Package biblatex Info: Trying to load biblatex style data model...
Package biblatex Info: ... file 'authoryear.dbx' not found.
Package biblatex Info: Trying to load biblatex custom data model...
Package biblatex Info: ... file 'biblatex-dm.cfg' not found.
\c@afterword=\count372
\c@savedafterword=\count373
\c@annotator=\count374
\c@savedannotator=\count375
\c@author=\count376
\c@savedauthor=\count377
\c@bookauthor=\count378
\c@savedbookauthor=\count379
\c@commentator=\count380
\c@savedcommentator=\count381
\c@editor=\count382
\c@savededitor=\count383
\c@editora=\count384
\c@savededitora=\count385
\c@editorb=\count386
\c@savededitorb=\count387
\c@editorc=\count388
\c@savededitorc=\count389
\c@foreword=\count390
\c@savedforeword=\count391
\c@holder=\count392
\c@savedholder=\count393
\c@introduction=\count394
\c@savedintroduction=\count395
\c@namea=\count396
\c@savednamea=\count397
\c@nameb=\count398
\c@savednameb=\count399
\c@namec=\count400
\c@savednamec=\count401
\c@translator=\count402
\c@savedtranslator=\count403
\c@shortauthor=\count404
\c@savedshortauthor=\count405
\c@shorteditor=\count406
\c@savedshorteditor=\count407
\c@labelname=\count408
\c@savedlabelname=\count409
\c@institution=\count410
\c@savedinstitution=\count411
\c@lista=\count412
\c@savedlista=\count413
\c@listb=\count414
\c@savedlistb=\count415
\c@listc=\count416
\c@savedlistc=\count417
\c@listd=\count418
\c@savedlistd=\count419
\c@liste=\count420
\c@savedliste=\count421
\c@listf=\count422
\c@savedlistf=\count423
\c@location=\count424
\c@savedlocation=\count425
\c@organization=\count426
\c@savedorganization=\count427
\c@origlocation=\count428
\c@savedoriglocation=\count429
\c@origpublisher=\count430
\c@savedorigpublisher=\count431
\c@publisher=\count432
\c@savedpublisher=\count433
\c@language=\count434
\c@savedlanguage=\count435
\c@origlanguage=\count436
\c@savedoriglanguage=\count437
\c@pageref=\count438
\c@savedpageref=\count439
\shorthandwidth=\skip86
\shortjournalwidth=\skip87
\shortserieswidth=\skip88
\shorttitlewidth=\skip89
\shortauthorwidth=\skip90
\shorteditorwidth=\skip91
\locallabelnumberwidth=\skip92
\locallabelalphawidth=\skip93
\localshorthandwidth=\skip94
\localshortjournalwidth=\skip95
\localshortserieswidth=\skip96
\localshorttitlewidth=\skip97
\localshortauthorwidth=\skip98
\localshorteditorwidth=\skip99
Package biblatex Info: Trying to load compatibility code...
Package biblatex Info: ... file 'blx-compat.def' found.

("C:\Users\giada\AppData\Local\Programs\MiKTeX 2.9\tex/latex/biblatex\blx-compa
t.def"
File: blx-compat.def 2019/12/01 v3.14 biblatex compatibility (PK/MW)
)
Package biblatex Info: Trying to load generic definitions...
Package biblatex Info: ... file 'biblatex.def' found.

("C:\Users\giada\AppData\Local\Programs\MiKTeX 2.9\tex/latex/biblatex\biblatex.
def"
File: biblatex.def 2019/12/01 v3.14 biblatex compatibility (PK/MW)
\c@textcitecount=\count440
\c@textcitetotal=\count441
\c@textcitemaxnames=\count442
\c@biburlbigbreakpenalty=\count443
\c@biburlbreakpenalty=\count444
\c@biburlnumpenalty=\count445
\c@biburlucpenalty=\count446
\c@biburllcpenalty=\count447
\biburlbigskip=\muskip18
\biburlnumskip=\muskip19
\biburlucskip=\muskip20
\biburllcskip=\muskip21
\c@smartand=\count448
)
Package biblatex Info: Trying to load bibliography style 'authoryear'...
Package biblatex Info: ... file 'authoryear.bbx' found.

("C:\Users\giada\AppData\Local\Programs\MiKTeX 2.9\tex/latex/biblatex/bbx\autho
ryear.bbx"
File: authoryear.bbx 2019/12/01 v3.14 biblatex bibliography style (PK/MW)
Package biblatex Info: Trying to load bibliography style 'standard'...
Package biblatex Info: ... file 'standard.bbx' found.

("C:\Users\giada\AppData\Local\Programs\MiKTeX 2.9\tex/latex/biblatex/bbx\stand
ard.bbx"
File: standard.bbx 2019/12/01 v3.14 biblatex bibliography style (PK/MW)
\c@bbx:relatedcount=\count449
\c@bbx:relatedtotal=\count450
))
Package biblatex Info: Trying to load citation style 'authoryear'...
Package biblatex Info: ... file 'authoryear.cbx' found.

("C:\Users\giada\AppData\Local\Programs\MiKTeX 2.9\tex/latex/biblatex/cbx\autho
ryear.cbx"
File: authoryear.cbx 2019/12/01 v3.14 biblatex citation style (PK/MW)
Package biblatex Info: Redefining '\cite'.
Package biblatex Info: Redefining '\parencite'.
Package biblatex Info: Redefining '\footcite'.
Package biblatex Info: Redefining '\footcitetext'.
Package biblatex Info: Redefining '\smartcite'.
Package biblatex Info: Redefining '\textcite'.
Package biblatex Info: Redefining '\textcites'.
)
Package biblatex Info: Trying to load configuration file...
Package biblatex Info: ... file 'biblatex.cfg' found.

("C:\Users\giada\AppData\Local\Programs\MiKTeX 2.9\tex/latex/biblatex\biblatex.
cfg"
File: biblatex.cfg 
))
\c@previousequation=\count451
\c@lastsubequation=\count452
\c@savedparentequation=\count453
Package hyperref Info: Option `bookmarksopen' set `true' on input line 198.
Package hyperref Info: Option `hypertexnames' set `false' on input line 198.
Package hyperref Info: Option `colorlinks' set `true' on input line 198.
Package hyperref Info: Option `unicode' set `true' on input line 198.

("C:\Users\giada\AppData\Local\Programs\MiKTeX 2.9\tex/latex/hyperref\puenc.def
"
File: puenc.def 2020/01/14 v7.00d Hyperref: PDF Unicode definition (HO)
Now handling font encoding PU ...
... no UTF-8 mapping file for font encoding PU
)
Package hyperref Info: Option `breaklinks' set `true' on input line 198.
Package csquotes Info: Checking for multilingual support...
Package csquotes Info: ... found 'babel' package.
Package csquotes Info: Adjusting default style.
Package csquotes Info: Redefining alias 'default' -> 'english'.
 (main.aux (Chapters/Introduction2.aux) (Chapters/TestTheoriesAndATA.aux)
(Chapters/Julia.aux) (Chapters/CCTestAssembly.aux) (Chapters/Conclusions.aux)
(Appendices/AppendixA.aux) (Appendices/TablesAndFigures.aux

LaTeX Warning: Label `fig:spRMSE1a' multiply defined.


LaTeX Warning: Label `fig:spBIAS1a' multiply defined.

) (Appendices/Relazione.aux))
\openout1 = `main.aux'.

LaTeX Font Info:    Checking defaults for OML/cmm/m/it on input line 198.
LaTeX Font Info:    ... okay on input line 198.
LaTeX Font Info:    Checking defaults for OMS/cmsy/m/n on input line 198.
LaTeX Font Info:    ... okay on input line 198.
LaTeX Font Info:    Checking defaults for OT1/cmr/m/n on input line 198.
LaTeX Font Info:    ... okay on input line 198.
LaTeX Font Info:    Checking defaults for T1/cmr/m/n on input line 198.
LaTeX Font Info:    ... okay on input line 198.
LaTeX Font Info:    Checking defaults for TS1/cmr/m/n on input line 198.
LaTeX Font Info:    ... okay on input line 198.
LaTeX Font Info:    Checking defaults for OMX/cmex/m/n on input line 198.
LaTeX Font Info:    ... okay on input line 198.
LaTeX Font Info:    Checking defaults for U/cmr/m/n on input line 198.
LaTeX Font Info:    ... okay on input line 198.
LaTeX Font Info:    Checking defaults for PD1/pdf/m/n on input line 198.
LaTeX Font Info:    ... okay on input line 198.
LaTeX Font Info:    Checking defaults for PU/pdf/m/n on input line 198.
LaTeX Font Info:    ... okay on input line 198.
LaTeX Font Info:    Trying to load font information for T1+lmr on input line 19
8.

("C:\Users\giada\AppData\Local\Programs\MiKTeX 2.9\tex/latex/lm\t1lmr.fd"
File: t1lmr.fd 2009/10/30 v1.6 Font defs for Latin Modern
)
("C:\Users\giada\AppData\Local\Programs\MiKTeX 2.9\tex/latex/translator\transla
tor-basic-dictionary-English.dict"
Dictionary: translator-basic-dictionary, Language: English 
)
("C:\Users\giada\AppData\Local\Programs\MiKTeX 2.9\tex/latex/siunitx\siunitx-ab
breviations.cfg"
File: siunitx-abbreviations.cfg 2017/11/26 v2.7k siunitx: Abbreviated units
)
("C:\Users\giada\AppData\Local\Programs\MiKTeX 2.9\tex/context/base/mkii\supp-p
df.mkii"
[Loading MPS to PDF converter (version 2006.09.02).]
\scratchcounter=\count454
\scratchdimen=\dimen270
\scratchbox=\box66
\nofMPsegments=\count455
\nofMParguments=\count456
\everyMPshowfont=\toks34
\MPscratchCnt=\count457
\MPscratchDim=\dimen271
\MPnumerator=\count458
\makeMPintoPDFobject=\count459
\everyMPtoPDFconversion=\toks35
)
("C:\Users\giada\AppData\Local\Programs\MiKTeX 2.9\tex/latex/epstopdf-pkg\epsto
pdf-base.sty"
Package: epstopdf-base 2020-01-24 v2.11 Base part for package epstopdf

("C:\Users\giada\AppData\Local\Programs\MiKTeX 2.9\tex/latex/grfext\grfext.sty"
Package: grfext 2019/12/03 v1.3 Manage graphics extensions (HO)
)
Package epstopdf-base Info: Redefining graphics rule for `.eps' on input line 4
85.
Package grfext Info: Graphics extension search list:
(grfext)             [.pdf,.png,.jpg,.mps,.jpeg,.jbig2,.jb2,.PDF,.PNG,.JPG,.JPE
G,.JBIG2,.JB2,.eps]
(grfext)             \AppendGraphicsExtensions on input line 504.
)
Package caption Info: Begin \AtBeginDocument code.
Package caption Info: float package is loaded.
Package caption Info: hyperref package is loaded.
Package caption Info: rotating package is loaded.
Package caption Info: End \AtBeginDocument code.

*geometry* driver: auto-detecting
*geometry* detected driver: pdftex
*geometry* verbose mode - [ preamble ] result:
* driver: pdftex
* paper: a4paper
* layout: <same size as paper>
* layoutoffset:(h,v)=(0.0pt,0.0pt)
* bindingoffset: 42.67912pt
* modes: includehead includefoot twoside 
* h-part:(L,W,R)=(71.13188pt, 412.56499pt, 71.13188pt)
* v-part:(T,H,B)=(71.13188pt, 702.78308pt, 71.13188pt)
* \paperwidth=597.50787pt
* \paperheight=845.04684pt
* \textwidth=412.56499pt
* \textheight=632.24767pt
* \oddsidemargin=41.54102pt
* \evensidemargin=-1.1381pt
* \topmargin=-1.1381pt
* \headheight=20.66162pt
* \headsep=19.8738pt
* \topskip=12.0pt
* \footskip=30.0pt
* \marginparwidth=98.0pt
* \marginparsep=7.0pt
* \columnsep=10.0pt
* \skip\footins=10.8pt plus 4.0pt minus 2.0pt
* \hoffset=0.0pt
* \voffset=0.0pt
* \mag=1000
* \@twocolumnfalse
* \@twosidetrue
* \@mparswitchtrue
* \@reversemarginfalse
* (1in=72.27pt=25.4mm, 1cm=28.453pt)

Package scrlayer Info: Setting magic \footheight to \baselineskip while
(scrlayer)             \begin{document} on input line 198.
Package scrbase Info: activating english \abbrevname on input line 198.
Package scrbase Info: activating english \byname on input line 198.
Package scrbase Info: activating english \acknowledgementname on input line 198
.
Package scrbase Info: activating english \authorshipname on input line 198.
Package scrbase Info: activating english \constantsname on input line 198.
Package scrbase Info: activating english \symbolsname on input line 198.
\AtBeginShipoutBox=\box67
Package hyperref Info: Link coloring ON on input line 198.

("C:\Users\giada\AppData\Local\Programs\MiKTeX 2.9\tex/latex/hyperref\nameref.s
ty"
Package: nameref 2019/09/16 v2.46 Cross-referencing by name of section

("C:\Users\giada\AppData\Local\Programs\MiKTeX 2.9\tex/latex/refcount\refcount.
sty"
Package: refcount 2019/12/15 v3.6 Data extraction from label references (HO)
)
("C:\Users\giada\AppData\Local\Programs\MiKTeX 2.9\tex/generic/gettitlestring\g
ettitlestring.sty"
Package: gettitlestring 2019/12/15 v1.6 Cleanup title references (HO)
)
\c@section@level=\count460
)
LaTeX Info: Redefining \ref on input line 198.
LaTeX Info: Redefining \pageref on input line 198.
LaTeX Info: Redefining \nameref on input line 198.
 (main.out) (main.out)
\@outlinefile=\write4
\openout4 = `main.out'.

Package biblatex Info: Trying to load language 'english'...
Package biblatex Info: ... file 'english.lbx' found.

("C:\Users\giada\AppData\Local\Programs\MiKTeX 2.9\tex/latex/biblatex/lbx\engli
sh.lbx"
File: english.lbx 2019/12/01 v3.14 biblatex localization (PK/MW)
)
Package biblatex Info: Input encoding 'utf8' detected.
Package biblatex Info: Automatic encoding selection.
(biblatex)             Assuming data encoding 'utf8'.
\openout3 = `main.bcf'.

Package biblatex Info: Trying to load bibliographic data...
Package biblatex Info: ... file 'main.bbl' found.
 (main.bbl)
Package biblatex Info: Reference section=0 on input line 198.
Package biblatex Info: Reference segment=0 on input line 198.
LaTeX Font Info:    Trying to load font information for OT1+lmr on input line 1
98.

("C:\Users\giada\AppData\Local\Programs\MiKTeX 2.9\tex/latex/lm\ot1lmr.fd"
File: ot1lmr.fd 2009/10/30 v1.6 Font defs for Latin Modern
)
LaTeX Font Info:    Trying to load font information for OML+lmm on input line 1
98.

("C:\Users\giada\AppData\Local\Programs\MiKTeX 2.9\tex/latex/lm\omllmm.fd"
File: omllmm.fd 2009/10/30 v1.6 Font defs for Latin Modern
)
LaTeX Font Info:    Trying to load font information for OMS+lmsy on input line 
198.

("C:\Users\giada\AppData\Local\Programs\MiKTeX 2.9\tex/latex/lm\omslmsy.fd"
File: omslmsy.fd 2009/10/30 v1.6 Font defs for Latin Modern
)
LaTeX Font Info:    Trying to load font information for OMX+lmex on input line 
198.

("C:\Users\giada\AppData\Local\Programs\MiKTeX 2.9\tex/latex/lm\omxlmex.fd"
File: omxlmex.fd 2009/10/30 v1.6 Font defs for Latin Modern
)
LaTeX Font Info:    External font `lmex10' loaded for size
(Font)              <12> on input line 198.
LaTeX Font Info:    External font `lmex10' loaded for size
(Font)              <8> on input line 198.
LaTeX Font Info:    External font `lmex10' loaded for size
(Font)              <6> on input line 198.
LaTeX Font Info:    Trying to load font information for U+msa on input line 198
.

("C:\Users\giada\AppData\Local\Programs\MiKTeX 2.9\tex/latex/amsfonts\umsa.fd"
File: umsa.fd 2013/01/14 v3.01 AMS symbols A
)
LaTeX Font Info:    Trying to load font information for U+msb on input line 198
.
("C:\Users\giada\AppData\Local\Programs\MiKTeX 2.9\tex/latex/amsfonts\umsb.fd"
File: umsb.fd 2013/01/14 v3.01 AMS symbols B
)
LaTeX Font Info:    Trying to load font information for OT1+lmss on input line 
198.
("C:\Users\giada\AppData\Local\Programs\MiKTeX 2.9\tex/latex/lm\ot1lmss.fd"
File: ot1lmss.fd 2009/10/30 v1.6 Font defs for Latin Modern
)
LaTeX Font Info:    Trying to load font information for OT1+lmtt on input line 
198.

("C:\Users\giada\AppData\Local\Programs\MiKTeX 2.9\tex/latex/lm\ot1lmtt.fd"
File: ot1lmtt.fd 2009/10/30 v1.6 Font defs for Latin Modern
)
1: section
[1



{C:/Users/giada/AppData/Local/MiKTeX/2.9/pdftex/config/pdftex.map}] [2

]
--------------------
 Abstract
--------------------

LaTeX Warning: Citation 'Charnes1959' on page 3 undefined on input line 302.


LaTeX Warning: Citation 'goffe1996simann' on page 3 undefined on input line 302
.

1: section
[3

] [4

]
--------------------
 Acknowledgements
--------------------
1: section
[5] [6

]
--------------------
 Dedicatory
--------------------
1: section
[7] [8

] (main.toc
1: section
[9] [10])
\tf@toc=\write5
\openout5 = `main.toc'.

 [11] [12

] (main.lof
1: section
[13])
\tf@lof=\write6
\openout6 = `main.lof'.

 [14] [15] [16

] (main.lot
1: section
[17])
\tf@lot=\write7
\openout7 = `main.lot'.

 [18]
1: section
\openout2 = `Chapters/Introduction2.aux'.

(Chapters/Introduction2.tex
Chapter 1.

LaTeX Warning: Citation 'AERA2014' on page 1 undefined on input line 17.


LaTeX Warning: Citation 'VanDerLinden2005' on page 1 undefined on input line 21
.

1: section
[1



]

LaTeX Warning: Citation 'charnes1958cost' on page 2 undefined on input line 26.



LaTeX Warning: Citation 'VanDerLinden2005' on page 2 undefined on input line 27
.


LaTeX Warning: Citation 'efron1993' on page 2 undefined on input line 28.


LaTeX Warning: Citation 'shao2012' on page 2 undefined on input line 28.


LaTeX Warning: Citation 'goffe1996simann' on page 2 undefined on input line 29.


LaTeX Font Info:    External font `lmex10' loaded for size
(Font)              <10> on input line 37.
LaTeX Font Info:    External font `lmex10' loaded for size
(Font)              <7> on input line 37.
LaTeX Font Info:    External font `lmex10' loaded for size
(Font)              <5> on input line 37.
[2]

LaTeX Warning: Citation 'bezanson2017julia' on page 3 undefined on input line 3
9.

LaTeX Font Info:    Trying to load font information for T1+lmtt on input line 4
0.
("C:\Users\giada\AppData\Local\Programs\MiKTeX 2.9\tex/latex/lm\t1lmtt.fd"
File: t1lmtt.fd 2009/10/30 v1.6 Font defs for Latin Modern
)
Underfull \hbox (badness 10000) in paragraph at lines 40--40
[][][][][]$\T1/lmtt/m/n/10 https : / / github . com / giadasp / IRTCalibration 
. jl$[][]\T1/lmr/m/n/10 , [][]$\T1/lmtt/m/n/10 https : / / github . com / giada
sp /
 []


Overfull \hbox (8.55475pt too wide) in paragraph at lines 39--45
[]\T1/lmr/m/n/12 The al-go-rithms de-scribed in this work are coded in Ju-lia (
[]),
 []


LaTeX Warning: Citation 'woods2007' on page 3 undefined on input line 49.


LaTeX Warning: Reference `sec:TablesAndFigures' on page 3 undefined on input li
ne 56.

[3] [4] (main.toc)
\tf@toc=\write8
\openout8 = `main.toc'.

)
1: section
[5

]
\openout2 = `Chapters/TestTheoriesAndATA.aux'.

 (Chapters/TestTheoriesAndATA.tex [6



]
Chapter 2.

Overfull \hbox (14.8252pt too wide) in paragraph at lines 1--1
|[]\T1/lmr/bx/n/24.88 Test the-o-ries and au-to-mated test
 []


LaTeX Warning: Citation 'verschoor2007genetic' on page 7 undefined on input lin
e 8.


LaTeX Warning: Citation 'downing2006twelve' on page 7 undefined on input line 1
2.

1: section
[7]

LaTeX Warning: Citation 'fisher1981lagrangian' on page 8 undefined on input lin
e 25.


LaTeX Warning: Citation 'downing2006twelve' on page 8 undefined on input line 3
0.


LaTeX Warning: Citation 'lord1952theory' on page 8 undefined on input line 30.


LaTeX Warning: Citation 'Hamb85' on page 8 undefined on input line 30.


LaTeX Warning: Citation 'Hamb91' on page 8 undefined on input line 30.


LaTeX Warning: Citation 'lord1968statistical' on page 8 undefined on input line
 31.


LaTeX Warning: Citation 'novick1966axioms' on page 8 undefined on input line 37
.


LaTeX Warning: Citation 'lord1968statistical' on page 8 undefined on input line
 37.

[8]

LaTeX Warning: Citation 'cronbach1951coefficient' on page 9 undefined on input 
line 47.

[9]

LaTeX Warning: Citation 'lord1968statistical' on page 10 undefined on input lin
e 65.


LaTeX Warning: Citation 'Hamb91' on page 10 undefined on input line 65.


Overfull \hbox (10.95169pt too wide) in paragraph at lines 65--72
\T1/lmr/m/n/12 An ex-haus-tive in-tro-duc-tion about IRT mod-els can be found i
n [];
 []

[10]
Package epstopdf Info: Source file: <Figures/icc.eps>
(epstopdf)                    date: 2019-10-16 04:01:48
(epstopdf)                    size: 9264 bytes
(epstopdf)             Output file: <Figures/icc-eps-converted-to.pdf>
(epstopdf)                    date: 2019-10-16 04:01:48
(epstopdf)                    size: 9747 bytes
(epstopdf)             Command: <epstopdf --outfile=Figures/icc-eps-converted-t
o.pdf Figures/icc.eps>
(epstopdf)             \includegraphics on input line 91.
Package epstopdf Info: Output file is already uptodate.
<Figures/icc-eps-converted-to.pdf, id=515, 501.875pt x 500.87125pt>
File: Figures/icc-eps-converted-to.pdf Graphic file (type pdf)
<use Figures/icc-eps-converted-to.pdf>
Package pdftex.def Info: Figures/icc-eps-converted-to.pdf  used on input line 9
1.
(pdftex.def)             Requested size: 250.93687pt x 250.435pt.
 [11 <./Figures/icc-eps-converted-to.pdf>]
Package epstopdf Info: Source file: <Figures/iif.eps>
(epstopdf)                    date: 2019-10-16 04:01:48
(epstopdf)                    size: 9592 bytes
(epstopdf)             Output file: <Figures/iif-eps-converted-to.pdf>
(epstopdf)                    date: 2019-10-16 04:01:48
(epstopdf)                    size: 9853 bytes
(epstopdf)             Command: <epstopdf --outfile=Figures/iif-eps-converted-t
o.pdf Figures/iif.eps>
(epstopdf)             \includegraphics on input line 122.
Package epstopdf Info: Output file is already uptodate.
<Figures/iif-eps-converted-to.pdf, id=530, 501.875pt x 500.87125pt>
File: Figures/iif-eps-converted-to.pdf Graphic file (type pdf)
<use Figures/iif-eps-converted-to.pdf>
Package pdftex.def Info: Figures/iif-eps-converted-to.pdf  used on input line 1
22.
(pdftex.def)             Requested size: 250.93687pt x 250.435pt.
 [12 <./Figures/iif-eps-converted-to.pdf>]
Package epstopdf Info: Source file: <Figures/tif.eps>
(epstopdf)                    date: 2019-10-16 04:01:50
(epstopdf)                    size: 5158 bytes
(epstopdf)             Output file: <Figures/tif-eps-converted-to.pdf>
(epstopdf)                    date: 2019-10-16 04:01:50
(epstopdf)                    size: 7915 bytes
(epstopdf)             Command: <epstopdf --outfile=Figures/tif-eps-converted-t
o.pdf Figures/tif.eps>
(epstopdf)             \includegraphics on input line 134.
Package epstopdf Info: Output file is already uptodate.
<Figures/tif-eps-converted-to.pdf, id=548, 501.875pt x 500.87125pt>
File: Figures/tif-eps-converted-to.pdf Graphic file (type pdf)
<use Figures/tif-eps-converted-to.pdf>
Package pdftex.def Info: Figures/tif-eps-converted-to.pdf  used on input line 1
34.
(pdftex.def)             Requested size: 250.93687pt x 250.435pt.


LaTeX Warning: Citation 'birnbaum1958' on page 13 undefined on input line 139.

[13 <./Figures/tif-eps-converted-to.pdf>]

LaTeX Warning: Citation 'desimone2015item' on page 14 undefined on input line 1
53.

[14]

LaTeX Warning: Reference `fig:tabitembank' on page 15 undefined on input line 1
77.

[15] [16]

LaTeX Warning: Citation 'VDL2005' on page 17 undefined on input line 233.

[17]

LaTeX Warning: Citation 'VDL2005' on page 18 undefined on input line 252.

[18] [19] [20]

LaTeX Warning: Citation 'VDL2005' on page 21 undefined on input line 345.

LaTeX Font Info:    Trying to load font information for TS1+lmr on input line 3
48.
("C:\Users\giada\AppData\Local\Programs\MiKTeX 2.9\tex/latex/lm\ts1lmr.fd"
File: ts1lmr.fd 2009/10/30 v1.6 Font defs for Latin Modern
)
[21]

LaTeX Warning: Citation 'VDL2005' on page 22 undefined on input line 356.

[22] [23]

LaTeX Warning: Citation 'same77' on page 24 undefined on input line 410.


LaTeX Warning: Citation 'Lord80' on page 24 undefined on input line 410.

[24] [25]

LaTeX Warning: Citation 'VDL2005' on page 26 undefined on input line 466.

[26]

Package amsmath Warning: Foreign command \atopwithdelims;
(amsmath)                \frac or \genfrac should be used instead
(amsmath)                 on input line 503.

[27]

LaTeX Warning: Citation 'VDL2005' on page 28 undefined on input line 567.

[28]

LaTeX Warning: Citation 'fisher1981lagrangian' on page 29 undefined on input li
ne 570.

[29] [30]) [31]
\openout2 = `Chapters/Julia.aux'.

 (Chapters/Julia.tex [32



]
Chapter 3.

LaTeX Warning: Citation 'fox2006fixed' on page 33 undefined on input line 4.


LaTeX Warning: Citation 'von2010stochastic' on page 33 undefined on input line 
4.


LaTeX Warning: Citation 'BockMislevy1982' on page 33 undefined on input line 6.



LaTeX Warning: Citation 'lord1968statistical' on page 33 undefined on input lin
e 6.


LaTeX Warning: Citation 'drasgow1989evaluation' on page 33 undefined on input l
ine 6.


LaTeX Warning: Citation 'fox2003stochastic' on page 33 undefined on input line 
6.


LaTeX Warning: Citation 'matteucci2012prior' on page 33 undefined on input line
 6.


Overfull \hbox (7.96259pt too wide) in paragraph at lines 6--7
\T1/lmr/m/n/12 mated. For ex-am-ple in the 2-parameter lo-gis-tic (2PL) model (
[]),
 []

1: section
[33]

LaTeX Warning: Citation 'andersen1977sufficient' on page 34 undefined on input 
line 8.


LaTeX Warning: Citation 'neyman1948consistent' on page 34 undefined on input li
ne 8.


LaTeX Warning: Citation 'patz1999applications' on page 34 undefined on input li
ne 8.


LaTeX Warning: Citation 'birkhoff1960smooth' on page 34 undefined on input line
 10.


LaTeX Warning: Citation 'bock1981marginal' on page 34 undefined on input line 1
7.

[34] [35] [36]
Overfull \hbox (21.59134pt too wide) in paragraph at lines 58--59
[]\T1/lmr/m/n/12 To sim-plify the no-ta-tion we will write $\OT1/lmr/m/it/12 L[
]\OT1/lmr/m/n/12 (\OML/lmm/m/it/12 X[]; []\OT1/lmr/m/n/12 )$ \T1/lmr/m/n/12 in 
place of $[] []$
 []


Overfull \hbox (4.65306pt too wide) in paragraph at lines 73--74
[]\T1/lmr/m/n/12 The max-i-miza-tion is usu-ally per-formed nu-mer-i-cally by u
s-ing non-linear solvers.
 []


LaTeX Warning: Citation 'mislevy1984estimating' on page 37 undefined on input l
ine 77.

[37]

LaTeX Warning: Citation 'woods2007' on page 38 undefined on input line 97.

[38]

LaTeX Warning: Citation 'de1978practical' on page 39 undefined on input line 99
.


LaTeX Warning: Citation 'meijering2002chronology' on page 39 undefined on input
 line 99.


Overfull \hbox (21.26448pt too wide) in paragraph at lines 99--101
\T1/lmr/m/n/12 add ap-plied to cal-i-bra-tion prob-lems by us-ing the \T1/lmtt/
m/n/12 Julia \T1/lmr/m/n/12 pack-age \T1/lmtt/m/n/12 Interpolations.jl[][][][][
]\T1/lmr/m/n/12 .
 []


LaTeX Warning: Citation 'BockMislevy1982' on page 39 undefined on input line 10
7.

[39]
Package hyperref Info: bookmark level for unknown algorithm defaults to 0 on in
put line 125.


LaTeX Warning: Citation 'tsutakawa1990effect' on page 40 undefined on input lin
e 146.


LaTeX Warning: Citation 'veldkamp2013application' on page 40 undefined on input
 line 146.


LaTeX Warning: Citation 'efron1993' on page 40 undefined on input line 148.

[40]

LaTeX Warning: Citation 'bock1981marginal' on page 41 undefined on input line 1
51.

[41]

LaTeX Warning: Citation 'R' on page 42 undefined on input line 189.


LaTeX Warning: Citation 'JSSv048i06' on page 42 undefined on input line 189.


LaTeX Warning: Citation 'JSSv017i05' on page 42 undefined on input line 190.


LaTeX Warning: Citation 'JSSv076i01' on page 42 undefined on input line 190.


LaTeX Warning: Citation 'woods2007' on page 42 undefined on input line 194.

[42]

LaTeX Warning: Citation 'glas2005modeling' on page 43 undefined on input line 2
15.


LaTeX Warning: Citation 'glas2005testing' on page 43 undefined on input line 21
5.


LaTeX Warning: Citation 'ban2002data' on page 43 undefined on input line 215.


Overfull \hbox (2.162pt too wide) in paragraph at lines 215--217
\T1/lmr/m/n/12 cord-ing to the lit-er-a-ture ([]; []; []).
 []

[43] [44] [45]
Overfull \hbox (3.82727pt too wide) in paragraph at lines 279--280
\T1/lmr/m/n/12 de-fault set-tings (\T1/lmr/m/it/12 mirt\T1/lmr/m/n/12 ) and \T1
/lmtt/m/n/12 mirt \T1/lmr/m/n/12 with the Woods' em-pir-i-cal his-togram (\T1/l
mr/m/it/12 mirtEHW\T1/lmr/m/n/12 ). 
 []

[46]
LaTeX Font Info:    External font `lmex10' loaded for size
(Font)              <10.95> on input line 294.


LaTeX Warning: `h' float specifier changed to `ht'.

<Figures/1/RMSEscatter.pdf, id=863, 630.40315pt x 652.69046pt>
File: Figures/1/RMSEscatter.pdf Graphic file (type pdf)
<use Figures/1/RMSEscatter.pdf>
Package pdftex.def Info: Figures/1/RMSEscatter.pdf  used on input line 338.
(pdftex.def)             Requested size: 412.56499pt x 427.16182pt.
[47]

LaTeX Warning: `h' float specifier changed to `ht'.

<Figures/1/BIASscatter.pdf, id=873, 643.47298pt x 652.69046pt>
File: Figures/1/BIASscatter.pdf Graphic file (type pdf)
<use Figures/1/BIASscatter.pdf>
Package pdftex.def Info: Figures/1/BIASscatter.pdf  used on input line 345.
(pdftex.def)             Requested size: 412.56499pt x 418.4674pt.

LaTeX Warning: `h' float specifier changed to `ht'.

<Figures/1a/RMSE_b.pdf, id=874, 196.80325pt x 412.32845pt>
File: Figures/1a/RMSE_b.pdf Graphic file (type pdf)
<use Figures/1a/RMSE_b.pdf>
Package pdftex.def Info: Figures/1a/RMSE_b.pdf  used on input line 352.
(pdftex.def)             Requested size: 123.77348pt x 271.0177pt.
<Figures/1a/RMSE_a.pdf, id=875, 196.80325pt x 409.44067pt>
File: Figures/1a/RMSE_a.pdf Graphic file (type pdf)
<use Figures/1a/RMSE_a.pdf>
Package pdftex.def Info: Figures/1a/RMSE_a.pdf  used on input line 352.
(pdftex.def)             Requested size: 123.77348pt x 271.01262pt.
<Figures/1a/RMSE_t.pdf, id=876, 191.80359pt x 412.32947pt>
File: Figures/1a/RMSE_t.pdf Graphic file (type pdf)
<use Figures/1a/RMSE_t.pdf>
Package pdftex.def Info: Figures/1a/RMSE_t.pdf  used on input line 352.
(pdftex.def)             Requested size: 123.77235pt x 271.01837pt.

LaTeX Warning: `h' float specifier changed to `ht'.

<Figures/1a/BIAS_b2.pdf, id=877, 209.581pt x 412.3385pt>
File: Figures/1a/BIAS_b2.pdf Graphic file (type pdf)
<use Figures/1a/BIAS_b2.pdf>
Package pdftex.def Info: Figures/1a/BIAS_b2.pdf  used on input line 358.
(pdftex.def)             Requested size: 123.77003pt x 271.0243pt.
<Figures/1a/BIAS_a.pdf, id=878, 209.581pt x 409.45372pt>
File: Figures/1a/BIAS_a.pdf Graphic file (type pdf)
<use Figures/1a/BIAS_a.pdf>
Package pdftex.def Info: Figures/1a/BIAS_a.pdf  used on input line 358.
(pdftex.def)             Requested size: 123.77003pt x 271.02126pt.
<Figures/1a/BIAS_t.pdf, id=879, 199.58064pt x 412.32646pt>
File: Figures/1a/BIAS_t.pdf Graphic file (type pdf)
<use Figures/1a/BIAS_t.pdf>
Package pdftex.def Info: Figures/1a/BIAS_t.pdf  used on input line 358.
(pdftex.def)             Requested size: 123.76917pt x 271.0164pt.

LaTeX Warning: `h' float specifier changed to `ht'.

<Figures/1a/W.pdf, id=880, 415.29353pt x 269.6755pt>
File: Figures/1a/W.pdf Graphic file (type pdf)
<use Figures/1a/W.pdf>
Package pdftex.def Info: Figures/1a/W.pdf  used on input line 367.
(pdftex.def)             Requested size: 206.28249pt x 133.9527pt.
<Figures/1b/W.pdf, id=881, 415.29353pt x 269.66946pt>
File: Figures/1b/W.pdf Graphic file (type pdf)
<use Figures/1b/W.pdf>
Package pdftex.def Info: Figures/1b/W.pdf  used on input line 367.
(pdftex.def)             Requested size: 206.28249pt x 133.9497pt.
<Figures/1c/W.pdf, id=882, 415.29353pt x 269.66246pt>
File: Figures/1c/W.pdf Graphic file (type pdf)
<use Figures/1c/W.pdf>
Package pdftex.def Info: Figures/1c/W.pdf  used on input line 367.
(pdftex.def)             Requested size: 206.28249pt x 133.94623pt.
<Figures/2a/W.pdf, id=883, 415.29353pt x 269.66647pt>
File: Figures/2a/W.pdf Graphic file (type pdf)
<use Figures/2a/W.pdf>
Package pdftex.def Info: Figures/2a/W.pdf  used on input line 367.
(pdftex.def)             Requested size: 206.28249pt x 133.94821pt.
<Figures/2b/W.pdf, id=884, 415.29353pt x 269.66748pt>
File: Figures/2b/W.pdf Graphic file (type pdf)
<use Figures/2b/W.pdf>
Package pdftex.def Info: Figures/2b/W.pdf  used on input line 368.
(pdftex.def)             Requested size: 206.28249pt x 133.94872pt.
<Figures/3/W.pdf, id=885, 415.29353pt x 269.67348pt>
File: Figures/3/W.pdf Graphic file (type pdf)
<use Figures/3/W.pdf>
Package pdftex.def Info: Figures/3/W.pdf  used on input line 369.
(pdftex.def)             Requested size: 206.28249pt x 133.95169pt.
<Figures/4/W.pdf, id=886, 415.29353pt x 269.66545pt>
File: Figures/4/W.pdf Graphic file (type pdf)
<use Figures/4/W.pdf>
Package pdftex.def Info: Figures/4/W.pdf  used on input line 370.
(pdftex.def)             Requested size: 206.28249pt x 133.94771pt.

Overfull \hbox (24.00002pt too wide) in paragraph at lines 366--373
 [][] 
 []


LaTeX Warning: `h' float specifier changed to `ht'.

[48]) [49] [50 <./Figures/1/RMSEscatter.pdf>] [51 <./Figures/1/BIASscatter.pdf>
] [52 <./Figures/1a/RMSE_b.pdf> <./Figures/1a/RMSE_a.pdf> <./Figures/1a/RMSE_t.
pdf> <./Figures/1a/BIAS_b2.pdf> <./Figures/1a/BIAS_a.pdf> <./Figures/1a/BIAS_t.
pdf>] [53 <./Figures/1a/W.pdf> <./Figures/1b/W.pdf> <./Figures/1c/W.pdf> <./Fig
ures/2a/W.pdf> <./Figures/2b/W.pdf> <./Figures/3/W.pdf> <./Figures/4/W.pdf>]
\openout2 = `Chapters/CCTestAssembly.aux'.


(Chapters/CCTestAssembly.tex [54



]
Chapter 4.

Overfull \hbox (0.62494pt too wide) in paragraph at lines 1--1
|[]\T1/lmr/bx/n/24.88 Chance-constrained test as-sem-
 []


LaTeX Warning: Citation 'charnes1963deterministic' on page 55 undefined on inpu
t line 15.


LaTeX Warning: Citation 'krokhmal2002portfolio' on page 55 undefined on input l
ine 15.


Overfull \hbox (3.51645pt too wide) in paragraph at lines 12--19
\T1/lmr/m/n/12 ef-fi-cients are un-cer-tain ([]; []).
 []

1: section
[55]

LaTeX Warning: Citation 'goffe1996simann' on page 56 undefined on input line 21
.


LaTeX Warning: Citation 'rockafellar2000optimization' on page 56 undefined on i
nput line 34.


LaTeX Warning: Citation 'rockafellar2001uryasev' on page 56 undefined on input 
line 34.


LaTeX Warning: Citation 'chen1973quadratic' on page 56 undefined on input line 
34.


LaTeX Warning: Citation 'freund1956introduction' on page 56 undefined on input 
line 34.


LaTeX Warning: Citation 'scott1972practical' on page 56 undefined on input line
 34.


LaTeX Warning: Citation 'Charnes1959' on page 56 undefined on input line 37.


Overfull \hbox (27.90996pt too wide) in paragraph at lines 34--38
\T1/lmr/m/n/12 are ran-dom vari-ables (see []; []),
 []


Overfull \hbox (85.41907pt too wide) in paragraph at lines 34--38
\T1/lmr/m/n/12 fol-lowed the ex-pected mean-variance ap-proach ([]; [];
 []

[56]

LaTeX Warning: Citation 'krokhmal2002portfolio' on page 57 undefined on input l
ine 58.

[57]

LaTeX Warning: Citation 'Nemirovski' on page 58 undefined on input line 60.


LaTeX Warning: Citation 'Ahmed2008' on page 58 undefined on input line 60.


LaTeX Warning: Citation 'Kataria' on page 58 undefined on input line 60.


LaTeX Warning: Citation 'margellos2014road' on page 58 undefined on input line 
62.


LaTeX Warning: Citation 'wang2011chance' on page 58 undefined on input line 62.



LaTeX Warning: Citation 'tarim2006' on page 58 undefined on input line 62.


LaTeX Warning: Citation 'vehvi2003' on page 58 undefined on input line 62.


LaTeX Warning: Citation 'mcneil2005' on page 58 undefined on input line 62.

[58]

LaTeX Warning: Citation 'VDL2005' on page 59 undefined on input line 68.


LaTeX Warning: Citation 'veldkamp2013application' on page 59 undefined on input
 line 68.


LaTeX Warning: Citation 'veldkamp2013uncertainties' on page 59 undefined on inp
ut line 68.


LaTeX Warning: Citation 'bertsimas2003robust' on page 59 undefined on input lin
e 68.

[59]

LaTeX Warning: Citation 'veldkamp2013application' on page 60 undefined on input
 line 78.


LaTeX Warning: Citation 'veldkamp2013uncertainties' on page 60 undefined on inp
ut line 78.


LaTeX Warning: Citation 'kim1990deterministic' on page 60 undefined on input li
ne 80.


LaTeX Warning: Citation 'Ahmed2008' on page 60 undefined on input line 80.


LaTeX Warning: Citation 'veldkamp2013application' on page 60 undefined on input
 line 83.


LaTeX Warning: Citation 'efron1993' on page 60 undefined on input line 83.

[60]

LaTeX Warning: Citation 'VDL2005' on page 61 undefined on input line 87.


LaTeX Warning: Citation 'veldkamp2013uncertainties' on page 61 undefined on inp
ut line 88.


LaTeX Warning: Citation 'veldkamp2013application' on page 61 undefined on input
 line 88.


LaTeX Warning: Citation 'Yang2012' on page 61 undefined on input line 88.


LaTeX Warning: Citation 'matteucci2012prior' on page 61 undefined on input line
 90.


LaTeX Warning: Citation 'efron1993' on page 61 undefined on input line 90.

[61] [62]

LaTeX Warning: Citation 'rockafellar2000optimization' on page 63 undefined on i
nput line 126.


LaTeX Warning: Citation 'rockafellar2001uryasev' on page 63 undefined on input 
line 126.

[63]

LaTeX Warning: Citation 'belisle1992' on page 64 undefined on input line 144.

[64]

LaTeX Warning: Citation 'Stocking1993' on page 65 undefined on input line 160.

[65] [66] [67] [68]
Overfull \hbox (2.89421pt too wide) in paragraph at lines 244--257
[][]
 []


Overfull \hbox (2.89421pt too wide) in paragraph at lines 258--270
[][] 
 []


LaTeX Warning: `h' float specifier changed to `ht'.

) [69] [70]
\openout2 = `Chapters/Conclusions.aux'.

 (Chapters/Conclusions.tex
Chapter 5.

Overfull \hbox (16.16354pt too wide) in paragraph at lines 1--1
|[]\T1/lmr/bx/n/24.88 Conclusions and fur-ther re-search| 
 []

1: section
[71



]) [72]
\openout2 = `Appendices/AppendixA.aux'.

 (Appendices/AppendixA.tex)
\openout2 = `Appendices/TablesAndFigures.aux'.

 (Appendices/TablesAndFigures.tex
Appendix A.
1: section
[73





]
<Figures/itemsxtests.png, id=1242, 965.85844pt x 3465.57234pt>
File: Figures/itemsxtests.png Graphic file (type png)
<use Figures/itemsxtests.png>
Package pdftex.def Info: Figures/itemsxtests.png  used on input line 34.
(pdftex.def)             Requested size: 142.26378pt x 510.45361pt.
 [74 <./Figures/itemsxtests.png>]
<Figures/testsxexaminees.png, id=1249, 1796.96344pt x 967.74046pt>
File: Figures/testsxexaminees.png Graphic file (type png)
<use Figures/testsxexaminees.png>
Package pdftex.def Info: Figures/testsxexaminees.png  used on input line 42.
(pdftex.def)             Requested size: 284.52756pt x 153.21732pt.
 [75 <./Figures/testsxexaminees.png>]
<Figures/itemsxexaminees.png, id=1255, 1796.96344pt x 3465.57234pt>
File: Figures/itemsxexaminees.png Graphic file (type png)
<use Figures/itemsxexaminees.png>
Package pdftex.def Info: Figures/itemsxexaminees.png  used on input line 50.
(pdftex.def)             Requested size: 284.52756pt x 548.68608pt.

[76 <./Figures/itemsxexaminees.png>] [77]
Overfull \vbox (30.31601pt too high) has occurred while \output is active []


[78] [79] [80] [81] [82]
File: Figures/1a/RMSE_b.pdf Graphic file (type pdf)
<use Figures/1a/RMSE_b.pdf>
Package pdftex.def Info: Figures/1a/RMSE_b.pdf  used on input line 382.
(pdftex.def)             Requested size: 123.77075pt x 259.3216pt.
File: Figures/1a/RMSE_a.pdf Graphic file (type pdf)
<use Figures/1a/RMSE_a.pdf>
Package pdftex.def Info: Figures/1a/RMSE_a.pdf  used on input line 382.
(pdftex.def)             Requested size: 123.77075pt x 257.5054pt.
File: Figures/1a/RMSE_t.pdf Graphic file (type pdf)
<use Figures/1a/RMSE_t.pdf>
Package pdftex.def Info: Figures/1a/RMSE_t.pdf  used on input line 382.
(pdftex.def)             Requested size: 123.77075pt x 266.07944pt.
<Figures/1a/BIAS_b.pdf, id=1286, 204.58131pt x 412.32845pt>
File: Figures/1a/BIAS_b.pdf Graphic file (type pdf)
<use Figures/1a/BIAS_b.pdf>
Package pdftex.def Info: Figures/1a/BIAS_b.pdf  used on input line 389.
(pdftex.def)             Requested size: 123.77075pt x 249.45633pt.
File: Figures/1a/BIAS_a.pdf Graphic file (type pdf)
<use Figures/1a/BIAS_a.pdf>
Package pdftex.def Info: Figures/1a/BIAS_a.pdf  used on input line 389.
(pdftex.def)             Requested size: 123.77075pt x 241.80676pt.
File: Figures/1a/BIAS_t.pdf Graphic file (type pdf)
<use Figures/1a/BIAS_t.pdf>
Package pdftex.def Info: Figures/1a/BIAS_t.pdf  used on input line 389.
(pdftex.def)             Requested size: 123.77075pt x 255.70268pt.
<Figures/1a/RMSEscatter.pdf, id=1287, 630.42024pt x 655.64044pt>
File: Figures/1a/RMSEscatter.pdf Graphic file (type pdf)
<use Figures/1a/RMSEscatter.pdf>
Package pdftex.def Info: Figures/1a/RMSEscatter.pdf  used on input line 397.
(pdftex.def)             Requested size: 412.56499pt x 429.07248pt.
<Figures/1a/BIASscatter.pdf, id=1288, 638.19833pt x 655.63646pt>
File: Figures/1a/BIASscatter.pdf Graphic file (type pdf)
<use Figures/1a/BIASscatter.pdf>
Package pdftex.def Info: Figures/1a/BIASscatter.pdf  used on input line 404.
(pdftex.def)             Requested size: 412.56499pt x 423.83768pt.
 [83 <./Figures/1a/BIAS_b.pdf>] [84 <./Figures/1a/RMSEscatter.pdf>]
<Figures/1b/RMSE_b.pdf, id=1326, 196.80325pt x 412.32845pt>
File: Figures/1b/RMSE_b.pdf Graphic file (type pdf)
<use Figures/1b/RMSE_b.pdf>
Package pdftex.def Info: Figures/1b/RMSE_b.pdf  used on input line 411.
(pdftex.def)             Requested size: 123.77075pt x 259.3216pt.
<Figures/1b/RMSE_a.pdf, id=1327, 191.80359pt x 409.44267pt>
File: Figures/1b/RMSE_a.pdf Graphic file (type pdf)
<use Figures/1b/RMSE_a.pdf>
Package pdftex.def Info: Figures/1b/RMSE_a.pdf  used on input line 411.
(pdftex.def)             Requested size: 123.77075pt x 264.21657pt.
<Figures/1b/RMSE_t.pdf, id=1328, 191.80359pt x 414.88301pt>
File: Figures/1b/RMSE_t.pdf Graphic file (type pdf)
<use Figures/1b/RMSE_t.pdf>
Package pdftex.def Info: Figures/1b/RMSE_t.pdf  used on input line 411.
(pdftex.def)             Requested size: 123.77075pt x 267.72726pt.
<Figures/1b/BIAS_b.pdf, id=1329, 199.58064pt x 412.33145pt>
File: Figures/1b/BIAS_b.pdf Graphic file (type pdf)
<use Figures/1b/BIAS_b.pdf>
Package pdftex.def Info: Figures/1b/BIAS_b.pdf  used on input line 418.
(pdftex.def)             Requested size: 123.77075pt x 255.70576pt.
<Figures/1b/BIAS_a.pdf, id=1330, 191.80359pt x 409.44368pt>
File: Figures/1b/BIAS_a.pdf Graphic file (type pdf)
<use Figures/1b/BIAS_a.pdf>
Package pdftex.def Info: Figures/1b/BIAS_a.pdf  used on input line 418.
(pdftex.def)             Requested size: 123.77075pt x 264.21722pt.
<Figures/1b/BIAS_t.pdf, id=1331, 204.58131pt x 412.33246pt>
File: Figures/1b/BIAS_t.pdf Graphic file (type pdf)
<use Figures/1b/BIAS_t.pdf>
Package pdftex.def Info: Figures/1b/BIAS_t.pdf  used on input line 418.
(pdftex.def)             Requested size: 123.77075pt x 249.45876pt.
 [85 <./Figures/1a/BIASscatter.pdf>]
<Figures/1b/RMSEscatter.pdf, id=1350, 625.41853pt x 652.69046pt>
File: Figures/1b/RMSEscatter.pdf Graphic file (type pdf)
<use Figures/1b/RMSEscatter.pdf>
Package pdftex.def Info: Figures/1b/RMSEscatter.pdf  used on input line 426.
(pdftex.def)             Requested size: 412.56499pt x 430.55792pt.
 [86 <./Figures/1b/RMSE_b.pdf> <./Figures/1b/RMSE_a.pdf> <./Figures/1b/RMSE_t.p
df>]
<Figures/1b/BIASscatter.pdf, id=1382, 633.20868pt x 652.69247pt>
File: Figures/1b/BIASscatter.pdf Graphic file (type pdf)
<use Figures/1b/BIASscatter.pdf>
Package pdftex.def Info: Figures/1b/BIASscatter.pdf  used on input line 433.
(pdftex.def)             Requested size: 412.56499pt x 425.27089pt.
 [87 <./Figures/1b/BIAS_b.pdf> <./Figures/1b/BIAS_a.pdf> <./Figures/1b/BIAS_t.p
df>] [88 <./Figures/1b/RMSEscatter.pdf>]
<Figures/1c/RMSE_b.pdf, id=1437, 196.80325pt x 412.33047pt>
File: Figures/1c/RMSE_b.pdf Graphic file (type pdf)
<use Figures/1c/RMSE_b.pdf>
Package pdftex.def Info: Figures/1c/RMSE_b.pdf  used on input line 441.
(pdftex.def)             Requested size: 123.77075pt x 259.32286pt.
<Figures/1c/RMSE_a.pdf, id=1438, 201.80293pt x 409.44067pt>
File: Figures/1c/RMSE_a.pdf Graphic file (type pdf)
<use Figures/1c/RMSE_a.pdf>
Package pdftex.def Info: Figures/1c/RMSE_a.pdf  used on input line 441.
(pdftex.def)             Requested size: 123.77075pt x 251.12665pt.
<Figures/1c/RMSE_t.pdf, id=1439, 196.80325pt x 412.32845pt>
File: Figures/1c/RMSE_t.pdf Graphic file (type pdf)
<use Figures/1c/RMSE_t.pdf>
Package pdftex.def Info: Figures/1c/RMSE_t.pdf  used on input line 441.
(pdftex.def)             Requested size: 123.77075pt x 259.3216pt.
<Figures/1c/BIAS_b.pdf, id=1440, 204.58131pt x 412.32744pt>
File: Figures/1c/BIAS_b.pdf Graphic file (type pdf)
<use Figures/1c/BIAS_b.pdf>
Package pdftex.def Info: Figures/1c/BIAS_b.pdf  used on input line 450.
(pdftex.def)             Requested size: 123.77075pt x 249.45572pt.
<Figures/1c/BIAS_a.pdf, id=1441, 209.581pt x 409.44267pt>
File: Figures/1c/BIAS_a.pdf Graphic file (type pdf)
<use Figures/1c/BIAS_a.pdf>
Package pdftex.def Info: Figures/1c/BIAS_a.pdf  used on input line 450.
(pdftex.def)             Requested size: 123.77075pt x 241.80023pt.
<Figures/1c/BIAS_t.pdf, id=1442, 199.58064pt x 412.33047pt>
File: Figures/1c/BIAS_t.pdf Graphic file (type pdf)
<use Figures/1c/BIAS_t.pdf>
Package pdftex.def Info: Figures/1c/BIAS_t.pdf  used on input line 450.
(pdftex.def)             Requested size: 123.77075pt x 255.70517pt.
 [89 <./Figures/1b/BIASscatter.pdf>]
<Figures/1c/RMSEscatter.pdf, id=1460, 637.82388pt x 652.69046pt>
File: Figures/1c/RMSEscatter.pdf Graphic file (type pdf)
<use Figures/1c/RMSEscatter.pdf>
Package pdftex.def Info: Figures/1c/RMSEscatter.pdf  used on input line 458.
(pdftex.def)             Requested size: 412.56499pt x 422.1822pt.
 [90 <./Figures/1c/RMSE_b.pdf> <./Figures/1c/RMSE_a.pdf> <./Figures/1c/RMSE_t.p
df>]
<Figures/1c/BIASscatter.pdf, id=1492, 645.65717pt x 652.69946pt>
File: Figures/1c/BIASscatter.pdf Graphic file (type pdf)
<use Figures/1c/BIASscatter.pdf>
Package pdftex.def Info: Figures/1c/BIASscatter.pdf  used on input line 465.
(pdftex.def)             Requested size: 412.56499pt x 417.07887pt.
 [91 <./Figures/1c/BIAS_b.pdf> <./Figures/1c/BIAS_a.pdf> <./Figures/1c/BIAS_t.p
df>] [92 <./Figures/1c/RMSEscatter.pdf>]
<Figures/2a/RMSE_b.pdf, id=1551, 196.80325pt x 412.32845pt>
File: Figures/2a/RMSE_b.pdf Graphic file (type pdf)
<use Figures/2a/RMSE_b.pdf>
Package pdftex.def Info: Figures/2a/RMSE_b.pdf  used on input line 473.
(pdftex.def)             Requested size: 123.77075pt x 259.3216pt.
<Figures/2a/RMSE_a.pdf, id=1552, 191.80359pt x 409.43764pt>
File: Figures/2a/RMSE_a.pdf Graphic file (type pdf)
<use Figures/2a/RMSE_a.pdf>
Package pdftex.def Info: Figures/2a/RMSE_a.pdf  used on input line 473.
(pdftex.def)             Requested size: 123.77075pt x 264.21332pt.
<Figures/2a/RMSE_t.pdf, id=1553, 184.02551pt x 412.33047pt>
File: Figures/2a/RMSE_t.pdf Graphic file (type pdf)
<use Figures/2a/RMSE_t.pdf>
Package pdftex.def Info: Figures/2a/RMSE_t.pdf  used on input line 473.
(pdftex.def)             Requested size: 123.77075pt x 277.32327pt.
<Figures/2a/BIAS_b.pdf, id=1554, 204.58131pt x 412.32845pt>
File: Figures/2a/BIAS_b.pdf Graphic file (type pdf)
<use Figures/2a/BIAS_b.pdf>
Package pdftex.def Info: Figures/2a/BIAS_b.pdf  used on input line 481.
(pdftex.def)             Requested size: 123.77075pt x 249.45633pt.
<Figures/2a/BIAS_a.pdf, id=1555, 199.58064pt x 409.44267pt>
File: Figures/2a/BIAS_a.pdf Graphic file (type pdf)
<use Figures/2a/BIAS_a.pdf>
Package pdftex.def Info: Figures/2a/BIAS_a.pdf  used on input line 481.
(pdftex.def)             Requested size: 123.77075pt x 253.9143pt.
<Figures/2a/BIAS_t.pdf, id=1556, 191.80359pt x 412.33246pt>
File: Figures/2a/BIAS_t.pdf Graphic file (type pdf)
<use Figures/2a/BIAS_t.pdf>
Package pdftex.def Info: Figures/2a/BIAS_t.pdf  used on input line 481.
(pdftex.def)             Requested size: 123.77075pt x 266.08136pt.
 [93 <./Figures/1c/BIASscatter.pdf>]
<Figures/2a/RMSEscatter.pdf, id=1574, 637.30197pt x 652.69247pt>
File: Figures/2a/RMSEscatter.pdf Graphic file (type pdf)
<use Figures/2a/RMSEscatter.pdf>
Package pdftex.def Info: Figures/2a/RMSEscatter.pdf  used on input line 489.
(pdftex.def)             Requested size: 412.56499pt x 422.53209pt.
 [94 <./Figures/2a/RMSE_b.pdf> <./Figures/2a/RMSE_a.pdf> <./Figures/2a/RMSE_t.p
df>]
<Figures/2a/BIASscatter.pdf, id=1606, 645.08pt x 652.69144pt>
File: Figures/2a/BIASscatter.pdf Graphic file (type pdf)
<use Figures/2a/BIASscatter.pdf>
Package pdftex.def Info: Figures/2a/BIASscatter.pdf  used on input line 496.
(pdftex.def)             Requested size: 412.56499pt x 417.44223pt.
 [95 <./Figures/2a/BIAS_b.pdf> <./Figures/2a/BIAS_a.pdf> <./Figures/2a/BIAS_t.p
df>] [96 <./Figures/2a/RMSEscatter.pdf>]
<Figures/2b/RMSE_b.pdf, id=1664, 191.80359pt x 412.33246pt>
File: Figures/2b/RMSE_b.pdf Graphic file (type pdf)
<use Figures/2b/RMSE_b.pdf>
Package pdftex.def Info: Figures/2b/RMSE_b.pdf  used on input line 505.
(pdftex.def)             Requested size: 123.77075pt x 266.08136pt.
<Figures/2b/RMSE_a.pdf, id=1665, 191.80359pt x 409.44165pt>
File: Figures/2b/RMSE_a.pdf Graphic file (type pdf)
<use Figures/2b/RMSE_a.pdf>
Package pdftex.def Info: Figures/2b/RMSE_a.pdf  used on input line 505.
(pdftex.def)             Requested size: 123.77075pt x 264.21591pt.
<Figures/2b/RMSE_t.pdf, id=1666, 184.02551pt x 412.33145pt>
File: Figures/2b/RMSE_t.pdf Graphic file (type pdf)
<use Figures/2b/RMSE_t.pdf>
Package pdftex.def Info: Figures/2b/RMSE_t.pdf  used on input line 505.
(pdftex.def)             Requested size: 123.77075pt x 277.32391pt.
<Figures/2b/BIAS_b.pdf, id=1667, 204.58131pt x 412.33047pt>
File: Figures/2b/BIAS_b.pdf Graphic file (type pdf)
<use Figures/2b/BIAS_b.pdf>
Package pdftex.def Info: Figures/2b/BIAS_b.pdf  used on input line 513.
(pdftex.def)             Requested size: 123.77075pt x 249.45757pt.
<Figures/2b/BIAS_a.pdf, id=1668, 199.58064pt x 409.43967pt>
File: Figures/2b/BIAS_a.pdf Graphic file (type pdf)
<use Figures/2b/BIAS_a.pdf>
Package pdftex.def Info: Figures/2b/BIAS_a.pdf  used on input line 513.
(pdftex.def)             Requested size: 123.77075pt x 253.91245pt.
<Figures/2b/BIAS_t.pdf, id=1669, 184.02551pt x 412.33047pt>
File: Figures/2b/BIAS_t.pdf Graphic file (type pdf)
<use Figures/2b/BIAS_t.pdf>
Package pdftex.def Info: Figures/2b/BIAS_t.pdf  used on input line 513.
(pdftex.def)             Requested size: 123.77075pt x 277.32327pt.
 [97 <./Figures/2a/BIASscatter.pdf>]
<Figures/2b/RMSEscatter.pdf, id=1688, 625.42258pt x 661.72519pt>
File: Figures/2b/RMSEscatter.pdf Graphic file (type pdf)
<use Figures/2b/RMSEscatter.pdf>
Package pdftex.def Info: Figures/2b/RMSEscatter.pdf  used on input line 521.
(pdftex.def)             Requested size: 412.56499pt x 436.51784pt.
 [98 <./Figures/2b/RMSE_b.pdf> <./Figures/2b/RMSE_a.pdf> <./Figures/2b/RMSE_t.p
df>]
<Figures/2b/BIASscatter.pdf, id=1717, 638.20029pt x 661.72722pt>
File: Figures/2b/BIASscatter.pdf Graphic file (type pdf)
<use Figures/2b/BIASscatter.pdf>
Package pdftex.def Info: Figures/2b/BIASscatter.pdf  used on input line 528.
(pdftex.def)             Requested size: 412.56499pt x 427.77505pt.
 [99 <./Figures/2b/BIAS_b.pdf> <./Figures/2b/BIAS_a.pdf> <./Figures/2b/BIAS_t.p
df>] [100 <./Figures/2b/RMSEscatter.pdf>]
<Figures/3/RMSE_b.pdf, id=1769, 196.80325pt x 412.33047pt>
File: Figures/3/RMSE_b.pdf Graphic file (type pdf)
<use Figures/3/RMSE_b.pdf>
Package pdftex.def Info: Figures/3/RMSE_b.pdf  used on input line 537.
(pdftex.def)             Requested size: 123.77075pt x 259.32286pt.
<Figures/3/RMSE_a.pdf, id=1770, 191.80359pt x 409.44165pt>
File: Figures/3/RMSE_a.pdf Graphic file (type pdf)
<use Figures/3/RMSE_a.pdf>
Package pdftex.def Info: Figures/3/RMSE_a.pdf  used on input line 537.
(pdftex.def)             Requested size: 123.77075pt x 264.21591pt.
<Figures/3/RMSE_t.pdf, id=1771, 196.80325pt x 412.32947pt>
File: Figures/3/RMSE_t.pdf Graphic file (type pdf)
<use Figures/3/RMSE_t.pdf>
Package pdftex.def Info: Figures/3/RMSE_t.pdf  used on input line 537.
(pdftex.def)             Requested size: 123.77075pt x 259.32224pt.
<Figures/3/BIAS_b.pdf, id=1772, 204.58131pt x 412.33246pt>
File: Figures/3/BIAS_b.pdf Graphic file (type pdf)
<use Figures/3/BIAS_b.pdf>
Package pdftex.def Info: Figures/3/BIAS_b.pdf  used on input line 546.
(pdftex.def)             Requested size: 123.77075pt x 249.45876pt.
<Figures/3/BIAS_a.pdf, id=1773, 199.58064pt x 409.44067pt>
File: Figures/3/BIAS_a.pdf Graphic file (type pdf)
<use Figures/3/BIAS_a.pdf>
Package pdftex.def Info: Figures/3/BIAS_a.pdf  used on input line 546.
(pdftex.def)             Requested size: 123.77075pt x 253.91306pt.
<Figures/3/BIAS_t.pdf, id=1774, 199.58064pt x 415.76028pt>
File: Figures/3/BIAS_t.pdf Graphic file (type pdf)
<use Figures/3/BIAS_t.pdf>
Package pdftex.def Info: Figures/3/BIAS_t.pdf  used on input line 546.
(pdftex.def)             Requested size: 123.77075pt x 257.83214pt.
 [101 <./Figures/2b/BIASscatter.pdf>]
<Figures/3/RMSEscatter.pdf, id=1792, 625.4276pt x 652.68942pt>
File: Figures/3/RMSEscatter.pdf Graphic file (type pdf)
<use Figures/3/RMSEscatter.pdf>
Package pdftex.def Info: Figures/3/RMSEscatter.pdf  used on input line 554.
(pdftex.def)             Requested size: 412.56499pt x 430.55725pt.
 [102 <./Figures/3/RMSE_b.pdf> <./Figures/3/RMSE_a.pdf> <./Figures/3/RMSE_t.pdf
>]
<Figures/3/BIASscatter.pdf, id=1824, 638.20636pt x 652.69046pt>
File: Figures/3/BIASscatter.pdf Graphic file (type pdf)
<use Figures/3/BIASscatter.pdf>
Package pdftex.def Info: Figures/3/BIASscatter.pdf  used on input line 561.
(pdftex.def)             Requested size: 412.56499pt x 421.93323pt.
 [103 <./Figures/3/BIAS_b.pdf> <./Figures/3/BIAS_a.pdf> <./Figures/3/BIAS_t.pdf
>] [104 <./Figures/3/RMSEscatter.pdf>]
<Figures/4/RMSE_b.pdf, id=1877, 191.80359pt x 412.33246pt>
File: Figures/4/RMSE_b.pdf Graphic file (type pdf)
<use Figures/4/RMSE_b.pdf>
Package pdftex.def Info: Figures/4/RMSE_b.pdf  used on input line 569.
(pdftex.def)             Requested size: 123.77075pt x 266.08136pt.
<Figures/4/RMSE_a.pdf, id=1878, 196.80325pt x 409.43764pt>
File: Figures/4/RMSE_a.pdf Graphic file (type pdf)
<use Figures/4/RMSE_a.pdf>
Package pdftex.def Info: Figures/4/RMSE_a.pdf  used on input line 569.
(pdftex.def)             Requested size: 123.77075pt x 257.5035pt.
<Figures/4/RMSE_t.pdf, id=1879, 191.80359pt x 412.32646pt>
File: Figures/4/RMSE_t.pdf Graphic file (type pdf)
<use Figures/4/RMSE_t.pdf>
Package pdftex.def Info: Figures/4/RMSE_t.pdf  used on input line 569.
(pdftex.def)             Requested size: 123.77075pt x 266.0775pt.
<Figures/4/BIAS_b.pdf, id=1880, 204.58131pt x 412.32744pt>
File: Figures/4/BIAS_b.pdf Graphic file (type pdf)
<use Figures/4/BIAS_b.pdf>
Package pdftex.def Info: Figures/4/BIAS_b.pdf  used on input line 578.
(pdftex.def)             Requested size: 123.77075pt x 249.45572pt.
<Figures/4/BIAS_a.pdf, id=1881, 204.58131pt x 409.43866pt>
File: Figures/4/BIAS_a.pdf Graphic file (type pdf)
<use Figures/4/BIAS_a.pdf>
Package pdftex.def Info: Figures/4/BIAS_a.pdf  used on input line 578.
(pdftex.def)             Requested size: 123.77075pt x 247.70802pt.
<Figures/4/BIAS_t.pdf, id=1882, 204.58131pt x 412.3154pt>
File: Figures/4/BIAS_t.pdf Graphic file (type pdf)
<use Figures/4/BIAS_t.pdf>
Package pdftex.def Info: Figures/4/BIAS_t.pdf  used on input line 578.
(pdftex.def)             Requested size: 123.77075pt x 249.44843pt.
 [105 <./Figures/3/BIASscatter.pdf>]
<Figures/4/RMSEscatter.pdf, id=1900, 625.42459pt x 652.68942pt>
File: Figures/4/RMSEscatter.pdf Graphic file (type pdf)
<use Figures/4/RMSEscatter.pdf>
Package pdftex.def Info: Figures/4/RMSEscatter.pdf  used on input line 586.
(pdftex.def)             Requested size: 412.56499pt x 430.55725pt.
 [106 <./Figures/4/RMSE_b.pdf> <./Figures/4/RMSE_a.pdf> <./Figures/4/RMSE_t.pdf
>]
<Figures/4/BIASscatter.pdf, id=1932, 638.19833pt x 652.7005pt>
File: Figures/4/BIASscatter.pdf Graphic file (type pdf)
<use Figures/4/BIASscatter.pdf>
Package pdftex.def Info: Figures/4/BIASscatter.pdf  used on input line 593.
(pdftex.def)             Requested size: 412.56499pt x 421.93973pt.
 [107 <./Figures/4/BIAS_b.pdf> <./Figures/4/BIAS_a.pdf> <./Figures/4/BIAS_t.pdf
>] [108 <./Figures/4/RMSEscatter.pdf>]
Overfull \hbox (0.93507pt too wide) in paragraph at lines 653--654
 [] 
 []

[109 <./Figures/4/BIASscatter.pdf>]
<Figures/real/1_infoplot.pdf, id=2010, 339.75029pt x 266.05498pt>
File: Figures/real/1_infoplot.pdf Graphic file (type pdf)
<use Figures/real/1_infoplot.pdf>
Package pdftex.def Info: Figures/real/1_infoplot.pdf  used on input line 661.
(pdftex.def)             Requested size: 127.89413pt x 100.15198pt.
<Figures/real/2_infoplot.pdf, id=2011, 339.75029pt x 266.05498pt>
File: Figures/real/2_infoplot.pdf Graphic file (type pdf)
<use Figures/real/2_infoplot.pdf>
Package pdftex.def Info: Figures/real/2_infoplot.pdf  used on input line 666.
(pdftex.def)             Requested size: 127.89413pt x 100.15198pt.
<Figures/real/3_infoplot.pdf, id=2012, 339.75029pt x 266.05498pt>
File: Figures/real/3_infoplot.pdf Graphic file (type pdf)
<use Figures/real/3_infoplot.pdf>
Package pdftex.def Info: Figures/real/3_infoplot.pdf  used on input line 671.
(pdftex.def)             Requested size: 127.89413pt x 100.15198pt.
<Figures/real/4_infoplot.pdf, id=2013, 339.75029pt x 266.05498pt>
File: Figures/real/4_infoplot.pdf Graphic file (type pdf)
<use Figures/real/4_infoplot.pdf>
Package pdftex.def Info: Figures/real/4_infoplot.pdf  used on input line 676.
(pdftex.def)             Requested size: 127.89413pt x 100.15198pt.
<Figures/real/5_infoplot.pdf, id=2014, 339.75029pt x 266.05498pt>
File: Figures/real/5_infoplot.pdf Graphic file (type pdf)
<use Figures/real/5_infoplot.pdf>
Package pdftex.def Info: Figures/real/5_infoplot.pdf  used on input line 681.
(pdftex.def)             Requested size: 127.89413pt x 100.15198pt.
<Figures/real/6_infoplot.pdf, id=2015, 339.75029pt x 266.05498pt>
File: Figures/real/6_infoplot.pdf Graphic file (type pdf)
<use Figures/real/6_infoplot.pdf>
Package pdftex.def Info: Figures/real/6_infoplot.pdf  used on input line 686.
(pdftex.def)             Requested size: 127.89413pt x 100.15198pt.
<Figures/real/7_infoplot.pdf, id=2016, 339.75029pt x 266.05498pt>
File: Figures/real/7_infoplot.pdf Graphic file (type pdf)
<use Figures/real/7_infoplot.pdf>
Package pdftex.def Info: Figures/real/7_infoplot.pdf  used on input line 691.
(pdftex.def)             Requested size: 127.89413pt x 100.15198pt.
<Figures/real/8_infoplot.pdf, id=2017, 339.75029pt x 266.05498pt>
File: Figures/real/8_infoplot.pdf Graphic file (type pdf)
<use Figures/real/8_infoplot.pdf>
Package pdftex.def Info: Figures/real/8_infoplot.pdf  used on input line 696.
(pdftex.def)             Requested size: 127.89413pt x 100.15198pt.
<Figures/real/9_infoplot.pdf, id=2018, 339.75029pt x 266.05498pt>
File: Figures/real/9_infoplot.pdf Graphic file (type pdf)
<use Figures/real/9_infoplot.pdf>
Package pdftex.def Info: Figures/real/9_infoplot.pdf  used on input line 701.
(pdftex.def)             Requested size: 127.89413pt x 100.15198pt.
<Figures/real/10_infoplot.pdf, id=2019, 339.75029pt x 266.05498pt>
File: Figures/real/10_infoplot.pdf Graphic file (type pdf)
<use Figures/real/10_infoplot.pdf>
Package pdftex.def Info: Figures/real/10_infoplot.pdf  used on input line 706.
(pdftex.def)             Requested size: 127.89413pt x 100.15198pt.
 [110]
<Figures/real/11_infoplot.pdf, id=2026, 339.75029pt x 266.05498pt>
File: Figures/real/11_infoplot.pdf Graphic file (type pdf)
<use Figures/real/11_infoplot.pdf>
Package pdftex.def Info: Figures/real/11_infoplot.pdf  used on input line 717.
(pdftex.def)             Requested size: 127.89413pt x 100.15198pt.
<Figures/real/12_infoplot.pdf, id=2027, 339.75029pt x 266.05498pt>
File: Figures/real/12_infoplot.pdf Graphic file (type pdf)
<use Figures/real/12_infoplot.pdf>
Package pdftex.def Info: Figures/real/12_infoplot.pdf  used on input line 722.
(pdftex.def)             Requested size: 127.89413pt x 100.15198pt.
<Figures/real/13_infoplot.pdf, id=2028, 339.75029pt x 266.05498pt>
File: Figures/real/13_infoplot.pdf Graphic file (type pdf)
<use Figures/real/13_infoplot.pdf>
Package pdftex.def Info: Figures/real/13_infoplot.pdf  used on input line 727.
(pdftex.def)             Requested size: 127.89413pt x 100.15198pt.
<Figures/real/14_infoplot.pdf, id=2029, 339.75029pt x 266.05498pt>
File: Figures/real/14_infoplot.pdf Graphic file (type pdf)
<use Figures/real/14_infoplot.pdf>
Package pdftex.def Info: Figures/real/14_infoplot.pdf  used on input line 732.
(pdftex.def)             Requested size: 127.89413pt x 100.15198pt.
<Figures/real/15_infoplot.pdf, id=2030, 339.75029pt x 266.05498pt>
File: Figures/real/15_infoplot.pdf Graphic file (type pdf)
<use Figures/real/15_infoplot.pdf>
Package pdftex.def Info: Figures/real/15_infoplot.pdf  used on input line 737.
(pdftex.def)             Requested size: 127.89413pt x 100.15198pt.
<Figures/real/16_infoplot.pdf, id=2031, 339.75029pt x 266.05498pt>
File: Figures/real/16_infoplot.pdf Graphic file (type pdf)
<use Figures/real/16_infoplot.pdf>
Package pdftex.def Info: Figures/real/16_infoplot.pdf  used on input line 742.
(pdftex.def)             Requested size: 127.89413pt x 100.15198pt.
<Figures/real/17_infoplot.pdf, id=2032, 339.75029pt x 266.05498pt>
File: Figures/real/17_infoplot.pdf Graphic file (type pdf)
<use Figures/real/17_infoplot.pdf>
Package pdftex.def Info: Figures/real/17_infoplot.pdf  used on input line 747.
(pdftex.def)             Requested size: 127.89413pt x 100.15198pt.
<Figures/real/18_infoplot.pdf, id=2033, 339.75029pt x 266.05498pt>
File: Figures/real/18_infoplot.pdf Graphic file (type pdf)
<use Figures/real/18_infoplot.pdf>
Package pdftex.def Info: Figures/real/18_infoplot.pdf  used on input line 752.
(pdftex.def)             Requested size: 127.89413pt x 100.15198pt.
<Figures/real/19_infoplot.pdf, id=2034, 339.75029pt x 266.05498pt>
File: Figures/real/19_infoplot.pdf Graphic file (type pdf)
<use Figures/real/19_infoplot.pdf>
Package pdftex.def Info: Figures/real/19_infoplot.pdf  used on input line 757.
(pdftex.def)             Requested size: 127.89413pt x 100.15198pt.
<Figures/real/20_infoplot.pdf, id=2035, 339.75029pt x 266.05498pt>
File: Figures/real/20_infoplot.pdf Graphic file (type pdf)
<use Figures/real/20_infoplot.pdf>
Package pdftex.def Info: Figures/real/20_infoplot.pdf  used on input line 762.
(pdftex.def)             Requested size: 127.89413pt x 100.15198pt.
 [111 <./Figures/real/1_infoplot.pdf> <./Figures/real/2_infoplot.pdf> <./Figure
s/real/3_infoplot.pdf> <./Figures/real/4_infoplot.pdf> <./Figures/real/5_infopl
ot.pdf> <./Figures/real/6_infoplot.pdf> <./Figures/real/7_infoplot.pdf> <./Figu
res/real/8_infoplot.pdf> <./Figures/real/9_infoplot.pdf> <./Figures/real/10_inf
oplot.pdf>]
<Figures/real/TIFPlot.pdf, id=2246, 339.75029pt x 266.05498pt>
File: Figures/real/TIFPlot.pdf Graphic file (type pdf)
<use Figures/real/TIFPlot.pdf>
Package pdftex.def Info: Figures/real/TIFPlot.pdf  used on input line 773.
(pdftex.def)             Requested size: 330.05324pt x 258.48303pt.
<Figures/real/ICFPlot.pdf, id=2247, 339.75029pt x 266.05397pt>
File: Figures/real/ICFPlot.pdf Graphic file (type pdf)
<use Figures/real/ICFPlot.pdf>
Package pdftex.def Info: Figures/real/ICFPlot.pdf  used on input line 778.
(pdftex.def)             Requested size: 330.05324pt x 258.48204pt.
) [112 <./Figures/real/11_infoplot.pdf> <./Figures/real/12_infoplot.pdf> <./Fig
ures/real/13_infoplot.pdf> <./Figures/real/14_infoplot.pdf> <./Figures/real/15_
infoplot.pdf> <./Figures/real/16_infoplot.pdf> <./Figures/real/17_infoplot.pdf>
 <./Figures/real/18_infoplot.pdf> <./Figures/real/19_infoplot.pdf> <./Figures/r
eal/20_infoplot.pdf>]
[113 <./Figures/real/TIFPlot.pdf> <./Figures/real/ICFPlot.pdf>]
\openout2 = `Appendices/Relazione.aux'.


No file Appendices/Relazione.tex.

LaTeX Warning: Empty bibliography on input line 375.

Package atveryend Info: Empty hook `BeforeClearDocument' on input line 379.
Package atveryend Info: Empty hook `AfterLastShipout' on input line 379.
(main.aux (Chapters/Introduction2.aux) (Chapters/TestTheoriesAndATA.aux)
(Chapters/Julia.aux) (Chapters/CCTestAssembly.aux) (Chapters/Conclusions.aux)
(Appendices/AppendixA.aux) (Appendices/TablesAndFigures.aux)
(Appendices/Relazione.aux))
Package atveryend Info: Executing hook `AtVeryEndDocument' on input line 379.
Package atveryend Info: Executing hook `AtEndAfterFileList' on input line 379.
Package rerunfilecheck Info: File `main.out' has not changed.
(rerunfilecheck)             Checksum: 3521091BADE499FA46A6E1DCE04BBECD;7299.


LaTeX Warning: There were undefined references.


LaTeX Warning: There were multiply-defined labels.


Package biblatex Warning: Please (re)run Biber on the file:
(biblatex)                main
(biblatex)                and rerun LaTeX afterwards.

Package logreq Info: Writing requests to 'main.run.xml'.
\openout1 = `main.run.xml'.

 ) 
Here is how much of TeX's memory you used:
 30966 strings out of 481277
 628512 string characters out of 2906528
 1356931 words of memory out of 3000000
 45569 multiletter control sequences out of 15000+200000
 720982 words of font info for 133 fonts, out of 3000000 for 9000
 1141 hyphenation exceptions out of 8191
 60i,20n,87p,1941b,2428s stack positions out of 5000i,500n,10000p,200000b,50000s
pdfTeX warning (dest): name{Hfootnote.234} has been referenced but does not e
xist, replaced by a fixed one

pdfTeX warning (dest): name{Hfootnote.233} has been referenced but does not exi
st, replaced by a fixed one

pdfTeX warning (dest): name{Hfootnote.124} has been referenced but does not exi
st, replaced by a fixed one

{C:/Users/giada/AppData/Local/Programs/MiKTeX 2.9/fonts/enc/dvips/lm/lm-rm.enc}
{C:/Users/giada/AppData/Local/Programs/MiKTeX 2.9/fonts/enc/dvips/lm/lm-ec.enc}
{C:/Users/giada/AppData/Local/Programs/MiKTeX 2.9/fonts/enc/dvips/lm/lm-mathit.
enc}{C:/Users/giada/AppData/Local/Programs/MiKTeX 2.9/fonts/enc/dvips/lm/lm-mat
hsy.enc}{C:/Users/giada/AppData/Local/Programs/MiKTeX 2.9/fonts/enc/dvips/lm/lm
-ts1.enc}{C:/Users/giada/AppData/Local/Programs/MiKTeX 2.9/fonts/enc/dvips/lm/l
m-mathex.enc}<C:/Users/giada/AppData/Local/Programs/MiKTeX 2.9/fonts/type1/publ
ic/amsfonts/cm/cmmi10.pfb><C:/Users/giada/AppData/Local/Programs/MiKTeX 2.9/fon
ts/type1/public/amsfonts/cm/cmmi5.pfb><C:/Users/giada/AppData/Local/Programs/Mi
KTeX 2.9/fonts/type1/public/amsfonts/cm/cmmi6.pfb><C:/Users/giada/AppData/Local
/Programs/MiKTeX 2.9/fonts/type1/public/amsfonts/cm/cmmi7.pfb><C:/Users/giada/A
ppData/Local/Programs/MiKTeX 2.9/fonts/type1/public/amsfonts/cm/cmr10.pfb><C:/U
sers/giada/AppData/Local/Programs/MiKTeX 2.9/fonts/type1/public/amsfonts/cm/cmr
8.pfb><C:/Users/giada/AppData/Local/Programs/MiKTeX 2.9/fonts/type1/public/amsf
onts/cm/cmsy10.pfb><C:/Users/giada/AppData/Local/Programs/MiKTeX 2.9/fonts/type
1/public/amsfonts/cm/cmsy6.pfb><C:/Users/giada/AppData/Local/Programs/MiKTeX 2.
9/fonts/type1/public/amsfonts/cm/cmsy8.pfb><C:/Users/giada/AppData/Local/Progra
ms/MiKTeX 2.9/fonts/type1/public/lm/lmbsy10.pfb><C:/Users/giada/AppData/Local/P
rograms/MiKTeX 2.9/fonts/type1/public/lm/lmbx10.pfb><C:/Users/giada/AppData/Loc
al/Programs/MiKTeX 2.9/fonts/type1/public/lm/lmbx12.pfb><C:/Users/giada/AppData
/Local/Programs/MiKTeX 2.9/fonts/type1/public/lm/lmbx6.pfb><C:/Users/giada/AppD
ata/Local/Programs/MiKTeX 2.9/fonts/type1/public/lm/lmbx8.pfb><C:/Users/giada/A
ppData/Local/Programs/MiKTeX 2.9/fonts/type1/public/lm/lmbxi10.pfb><C:/Users/gi
ada/AppData/Local/Programs/MiKTeX 2.9/fonts/type1/public/lm/lmcsc10.pfb><C:/Use
rs/giada/AppData/Local/Programs/MiKTeX 2.9/fonts/type1/public/lm/lmex10.pfb><C:
/Users/giada/AppData/Local/Programs/MiKTeX 2.9/fonts/type1/public/lm/lmmi10.pfb
><C:/Users/giada/AppData/Local/Programs/MiKTeX 2.9/fonts/type1/public/lm/lmmi12
.pfb><C:/Users/giada/AppData/Local/Programs/MiKTeX 2.9/fonts/type1/public/lm/lm
mi6.pfb><C:/Users/giada/AppData/Local/Programs/MiKTeX 2.9/fonts/type1/public/lm
/lmmi7.pfb><C:/Users/giada/AppData/Local/Programs/MiKTeX 2.9/fonts/type1/public
/lm/lmmi8.pfb><C:/Users/giada/AppData/Local/Programs/MiKTeX 2.9/fonts/type1/pub
lic/lm/lmmib10.pfb><C:/Users/giada/AppData/Local/Programs/MiKTeX 2.9/fonts/type
1/public/lm/lmr10.pfb><C:/Users/giada/AppData/Local/Programs/MiKTeX 2.9/fonts/t
ype1/public/lm/lmr12.pfb><C:/Users/giada/AppData/Local/Programs/MiKTeX 2.9/font
s/type1/public/lm/lmr6.pfb><C:/Users/giada/AppData/Local/Programs/MiKTeX 2.9/fo
nts/type1/public/lm/lmr7.pfb><C:/Users/giada/AppData/Local/Programs/MiKTeX 2.9/
fonts/type1/public/lm/lmr8.pfb><C:/Users/giada/AppData/Local/Programs/MiKTeX 2.
9/fonts/type1/public/lm/lmri10.pfb><C:/Users/giada/AppData/Local/Programs/MiKTe
X 2.9/fonts/type1/public/lm/lmri12.pfb><C:/Users/giada/AppData/Local/Programs/M
iKTeX 2.9/fonts/type1/public/lm/lmri8.pfb><C:/Users/giada/AppData/Local/Program
s/MiKTeX 2.9/fonts/type1/public/lm/lmro12.pfb><C:/Users/giada/AppData/Local/Pro
grams/MiKTeX 2.9/fonts/type1/public/lm/lmsy10.pfb><C:/Users/giada/AppData/Local
/Programs/MiKTeX 2.9/fonts/type1/public/lm/lmsy6.pfb><C:/Users/giada/AppData/Lo
cal/Programs/MiKTeX 2.9/fonts/type1/public/lm/lmsy8.pfb><C:/Users/giada/AppData
/Local/Programs/MiKTeX 2.9/fonts/type1/public/lm/lmtt10.pfb><C:/Users/giada/App
Data/Local/Programs/MiKTeX 2.9/fonts/type1/public/lm/lmtt12.pfb><C:/Users/giada
/AppData/Local/Programs/MiKTeX 2.9/fonts/type1/public/lm/lmtt8.pfb><C:/Users/gi
ada/AppData/Local/Programs/MiKTeX 2.9/fonts/type1/public/amsfonts/symbols/msbm1
0.pfb>
Output written on main.pdf (131 pages, 31703042 bytes).
PDF statistics:
 2681 PDF objects out of 2984 (max. 8388607)
 369 named destinations out of 1000 (max. 500000)
 823 words of extra memory for PDF output out of 10000 (max. 10000000)

