\BOOKMARK [0][-]{section*.1}{\376\377\000P\000r\000e\000f\000a\000c\000e}{}% 1
\BOOKMARK [0][-]{chapter.5}{\376\377\000I\000n\000t\000r\000o\000d\000u\000c\000t\000i\000o\000n}{}% 2
\BOOKMARK [1][-]{section.6}{\376\377\000M\000a\000i\000n\000\040\000c\000o\000n\000t\000r\000i\000b\000u\000t\000i\000o\000n\000s\000\040\000a\000n\000d\000\040\000o\000u\000t\000l\000i\000n\000e\000\040\000o\000f\000\040\000t\000h\000e\000\040\000d\000i\000s\000s\000e\000r\000t\000a\000t\000i\000o\000n}{chapter.5}% 3
\BOOKMARK [0][-]{chapter.10}{\376\377\000T\000e\000s\000t\000\040\000t\000h\000e\000o\000r\000i\000e\000s\000\040\000a\000n\000d\000\040\000a\000u\000t\000o\000m\000a\000t\000e\000d\000\040\000t\000e\000s\000t\000\040\000a\000s\000s\000e\000m\000b\000l\000y\000\040\000m\000o\000d\000e\000l\000s}{}% 4
\BOOKMARK [1][-]{section.11}{\376\377\000T\000e\000s\000t\000\040\000T\000h\000e\000o\000r\000i\000e\000s}{chapter.10}% 5
\BOOKMARK [2][-]{subsection.12}{\376\377\000C\000l\000a\000s\000s\000i\000c\000a\000l\000\040\000t\000e\000s\000t\000\040\000t\000h\000e\000o\000r\000y}{section.11}% 6
\BOOKMARK [2][-]{subsection.15}{\376\377\000I\000t\000e\000m\000\040\000r\000e\000s\000p\000o\000n\000s\000e\000\040\000t\000h\000e\000o\000r\000y}{section.11}% 7
\BOOKMARK [1][-]{section.24}{\376\377\000A\000u\000t\000o\000m\000a\000t\000e\000d\000\040\000T\000e\000s\000t\000\040\000A\000s\000s\000e\000m\000b\000l\000y}{chapter.10}% 8
\BOOKMARK [2][-]{subsection.25}{\376\377\000T\000h\000e\000\040\000I\000t\000e\000m\000\040\000B\000a\000n\000k}{section.24}% 9
\BOOKMARK [2][-]{subsection.26}{\376\377\000T\000y\000p\000e\000s\000\040\000o\000f\000\040\000A\000s\000s\000e\000m\000b\000l\000y\000\040\000M\000o\000d\000e\000l\000s}{section.24}% 10
\BOOKMARK [2][-]{subsection.31}{\376\377\000S\000i\000n\000g\000l\000e\000\040\000T\000e\000s\000t\000\040\000A\000s\000s\000e\000m\000b\000l\000y}{section.24}% 11
\BOOKMARK [2][-]{subsection.53}{\376\377\000M\000u\000l\000t\000i\000p\000l\000e\000\040\000S\000i\000m\000u\000l\000t\000a\000n\000e\000o\000u\000s\000\040\000T\000e\000s\000t\000\040\000A\000s\000s\000e\000m\000b\000l\000y}{section.24}% 12
\BOOKMARK [2][-]{subsection.86}{\376\377\000L\000a\000g\000r\000a\000n\000g\000e\000\040\000r\000e\000l\000a\000x\000a\000t\000i\000o\000n}{section.24}% 13
\BOOKMARK [0][-]{chapter.98}{\376\377\000I\000R\000T\000\040\000i\000t\000e\000m\000\040\000p\000a\000r\000a\000m\000e\000t\000e\000r\000\040\000c\000a\000l\000i\000b\000r\000a\000t\000i\000o\000n\000\040\000i\000n\000\040\000J\000u\000l\000i\000a}{}% 14
\BOOKMARK [1][-]{section.100}{\376\377\000M\000M\000L\000\040\000E\000s\000t\000i\000m\000a\000t\000i\000o\000n}{chapter.98}% 15
\BOOKMARK [2][-]{subsection.102}{\376\377\000E\000-\000s\000t\000e\000p}{section.100}% 16
\BOOKMARK [2][-]{subsection.105}{\376\377\000M\000-\000s\000t\000e\000p}{section.100}% 17
\BOOKMARK [2][-]{subsection.108}{\376\377\000T\000h\000e\000\040\000r\000e\000s\000c\000a\000l\000e\000\040\000o\000f\000\040\000t\000h\000e\000\040\000l\000a\000t\000e\000n\000t\000\040\000d\000i\000s\000t\000r\000i\000b\000u\000t\000i\000o\000n}{section.100}% 18
\BOOKMARK [2][-]{subsection.113}{\376\377\000A\000b\000i\000l\000i\000t\000y\000\040\000e\000s\000t\000i\000m\000a\000t\000i\000o\000n}{section.100}% 19
\BOOKMARK [2][-]{subsection.116}{\376\377\000B\000o\000o\000t\000s\000t\000r\000a\000p}{section.100}% 20
\BOOKMARK [1][-]{section.121}{\376\377\000S\000i\000m\000u\000l\000a\000t\000i\000o\000n\000\040\000s\000t\000u\000d\000y}{chapter.98}% 21
\BOOKMARK [2][-]{subsection.122}{\376\377\000S\000i\000m\000u\000l\000a\000t\000i\000o\000n\000\040\000s\000e\000t\000t\000i\000n\000g\000s\000\040\000\050\000F\000r\000a\000m\000e\000w\000o\000r\000k\000\040\000f\000o\000r\000\040\000p\000r\000e\000-\000t\000e\000s\000t\000i\000n\000g\000\051}{section.121}% 22
\BOOKMARK [2][-]{subsection.136}{\376\377\000R\000e\000s\000u\000l\000t\000s}{section.121}% 23
\BOOKMARK [0][-]{chapter.151}{\376\377\000C\000h\000a\000n\000c\000e\000-\000c\000o\000n\000s\000t\000r\000a\000i\000n\000e\000d\000\040\000t\000e\000s\000t\000\040\000a\000s\000s\000e\000m\000b\000l\000y}{}% 24
\BOOKMARK [1][-]{section.153}{\376\377\000C\000h\000a\000n\000c\000e\000-\000c\000o\000n\000s\000t\000r\000a\000i\000n\000e\000d\000\040\000m\000o\000d\000e\000l\000i\000n\000g}{chapter.151}% 25
\BOOKMARK [1][-]{section.158}{\376\377\000C\000h\000a\000n\000c\000e\000-\000c\000o\000n\000s\000t\000r\000a\000i\000n\000e\000d\000\040\000t\000e\000s\000t\000\040\000a\000s\000s\000e\000m\000b\000l\000y\000\040\000m\000o\000d\000e\000l}{chapter.151}% 26
\BOOKMARK [2][-]{subsection.161}{\376\377\000E\000m\000p\000i\000r\000i\000c\000a\000l\000\040\000m\000e\000a\000s\000u\000r\000e\000\040\000o\000f\000\040\000t\000h\000e\000\040\000T\000I\000F}{section.158}% 27
\BOOKMARK [2][-]{subsection.168}{\376\377\000S\000o\000l\000v\000i\000n\000g\000\040\000t\000h\000e\000\040\000C\000C\000M\000A\000X\000I\000M\000I\000N\000\040\000m\000o\000d\000e\000l}{section.158}% 28
\BOOKMARK [1][-]{section.174}{\376\377\000S\000i\000m\000u\000l\000a\000t\000i\000o\000n\000\040\000s\000t\000u\000d\000y}{chapter.151}% 29
\BOOKMARK [2][-]{subsection.178}{\376\377\000R\000e\000s\000u\000l\000t\000s}{section.174}% 30
\BOOKMARK [0][-]{chapter.183}{\376\377\000C\000o\000n\000c\000l\000u\000s\000i\000o\000n\000s\000\040\000a\000n\000d\000\040\000f\000u\000r\000t\000h\000e\000r\000\040\000r\000e\000s\000e\000a\000r\000c\000h}{}% 31
\BOOKMARK [0][-]{appendix.184}{\376\377\000T\000a\000b\000l\000e\000s\000\040\000A\000n\000d\000\040\000F\000i\000g\000u\000r\000e\000s}{}% 32
\BOOKMARK [1][-]{section.189}{\376\377\000I\000t\000e\000m\000s\000\040\000c\000a\000l\000i\000b\000r\000a\000t\000i\000o\000n\000\040\000i\000n\000\040\000J\000u\000l\000i\000a}{appendix.184}% 33
\BOOKMARK [2][-]{subsection.190}{\376\377\000C\000a\000s\000e\000\040\0001\000a\000\040\000\050\000S\000t\000a\000n\000d\000a\000r\000d\000\040\000s\000e\000t\000u\000p\000\051}{section.189}% 34
\BOOKMARK [2][-]{subsection.198}{\376\377\000C\000a\000s\000e\000\040\0001\000b}{section.189}% 35
\BOOKMARK [2][-]{subsection.203}{\376\377\000C\000a\000s\000e\000\040\0001\000c}{section.189}% 36
\BOOKMARK [2][-]{subsection.208}{\376\377\000C\000a\000s\000e\000\040\0002\000a}{section.189}% 37
\BOOKMARK [2][-]{subsection.213}{\376\377\000C\000a\000s\000e\000\040\0002\000b}{section.189}% 38
\BOOKMARK [2][-]{subsection.218}{\376\377\000C\000a\000s\000e\000\040\0003}{section.189}% 39
\BOOKMARK [2][-]{subsection.223}{\376\377\000C\000a\000s\000e\000\040\0004}{section.189}% 40
